[38;5;86m[HTTP][0m [37m-->[39m [37mPOST[39m [37m/session[39m [90m{"capabilities":{"alwaysMatch":{"appium:platformName":"Android","appium:deviceName":"RZ8T50ZVKPE","appium:newCommandTimeout":0,"appium:automationName":"UIAutomator2","appium:app":"C:\\Users\\User\\Desktop\\ACOE\\POC\\Mobile Automation Webdriverio\\HRM Application\\HRMWebdriverioMobile\\app\\android\\PaymentGateway.apk","appium:autoGrantPermissions":true,"appium:unicodeKeyboard ":true,"appium:resetKeyboard":true},"firstMatch":[{}]},"desiredCapabilities":{"appium:platformName":"Android","appium:deviceName":"RZ8T50ZVKPE","appium:newCommandTimeout":0,"appium:automationName":"UIAutomator2","appium:app":"C:\\Users\\User\\Desktop\\ACOE\\POC\\Mobile Automation Webdriverio\\HRM Application\\HRMWebdriverioMobile\\app\\android\\PaymentGateway.apk","appium:autoGrantPermissions":true,"appium:unicodeKeyboard ":true,"appium:resetKeyboard":true}}[39m
[38;5;150m[AppiumDriver@a9a5][0m Calling AppiumDriver.createSession() with args: [{"appium:platformName":"Android","appium:deviceName":"RZ8T50ZVKPE","appium:newCommandTimeout":0,"appium:automationName":"UIAutomator2","appium:app":"C:\\Users\\User\\Desktop\\ACOE\\POC\\Mobile Automation Webdriverio\\HRM Application\\HRMWebdriverioMobile\\app\\android\\PaymentGateway.apk","appium:autoGrantPermissions":true,"appium:unicodeKeyboard ":true,"appium:resetKeyboard":true},null,{"alwaysMatch":{"appium:platformName":"Android","appium:deviceName":"RZ8T50ZVKPE","appium:newCommandTimeout":0,"appium:automationName":"UIAutomator2","appium:app":"C:\\Users\\User\\Desktop\\ACOE\\POC\\Mobile Automation Webdriverio\\HRM Application\\HRMWebdriverioMobile\\app\\android\\PaymentGateway.apk","appium:autoGrantPermissions":true,"appium:unicodeKeyboard ":true,"appium:resetKeyboard":true},"firstMatch":[{}]}]
[38;5;150m[AppiumDriver@a9a5][0m Event 'newSessionRequested' logged at 1718353519866 (13:55:19 GMT+0530 (India Standard Time))
[38;5;123m[BaseDriver][0m The capabilities ["platformName"] are standard capabilities and do not require "appium:" prefix
[38;5;112m[Appium][0m Attempting to find matching driver for automationName 'UIAutomator2' and platformName 'Android'
[38;5;112m[Appium][0m The 'uiautomator2' driver was installed and matched caps.
[38;5;112m[Appium][0m Will require it at C:\Users\User\Desktop\ACOE\POC\Mobile Automation Webdriverio\HRM Application\HRMWebdriverioMobile\node_modules\appium-uiautomator2-driver
[38;5;112m[Appium][0m Requiring driver at C:\Users\User\Desktop\ACOE\POC\Mobile Automation Webdriverio\HRM Application\HRMWebdriverioMobile\node_modules\appium-uiautomator2-driver\build\index.js
[38;5;150m[AppiumDriver@a9a5][0m Appium v2.10.3 creating new AndroidUiautomator2Driver (v2.12.6) session
[38;5;150m[AppiumDriver@a9a5][0m Checking BaseDriver versions for Appium and AndroidUiautomator2Driver
[38;5;150m[AppiumDriver@a9a5][0m Appium's BaseDriver version is 9.10.3
[38;5;150m[AppiumDriver@a9a5][0m AndroidUiautomator2Driver's BaseDriver version is 9.10.3
[38;5;-74m[AndroidUiautomator2Driver@8098][0m undefined
[38;5;-74m[AndroidUiautomator2Driver@8098][0m Creating session with W3C capabilities: {
  "alwaysMatch": {
    "platformName": "Android",
    "appium:deviceName": "RZ8T50ZVKPE",
    "appium:newCommandTimeout": 0,
    "appium:automationName": "UIAutomator2",
    "appium:app": "C:\\Users\\User\\Desktop\\ACOE\\POC\\Mobile Automation Webdriverio\\HRM Application\\HRMWebdriverioMobile\\app\\android\\PaymentGateway.apk",
    "appium:autoGrantPermissions": true,
    "appium:unicodeKeyboard ": true,
    "appium:resetKeyboard": true
  },
  "firstMatch": [
    {}
  ]
}
[38;5;-74m[AndroidUiautomator2Driver@8098][0m The following provided capabilities were not recognized by this driver:
[38;5;-74m[AndroidUiautomator2Driver@8098][0m   deviceName
[38;5;-74m[AndroidUiautomator2Driver@8098][0m   unicodeKeyboard 
[38;5;-74m[AndroidUiautomator2Driver@8098][0m Session created with session id: f95a4cff-9a1c-462f-ac92-6bba735e95a1
[38;5;123m[BaseDriver][0m Using local app 'C:\Users\User\Desktop\ACOE\POC\Mobile Automation Webdriverio\HRM Application\HRMWebdriverioMobile\app\android\PaymentGateway.apk'
[38;5;-74m[AndroidUiautomator2Driver@8098][0m Checking whether app is actually present
[38;5;229m[ADB][0m Found 4 'build-tools' folders under 'C:\Users\User\AppData\Local\Android\Sdk' (newest first):
[38;5;229m[ADB][0m     C:/Users/User/AppData/Local/Android/Sdk/build-tools/34.0.0
[38;5;229m[ADB][0m     C:/Users/User/AppData/Local/Android/Sdk/build-tools/33.0.2
[38;5;229m[ADB][0m     C:/Users/User/AppData/Local/Android/Sdk/build-tools/31.0.0
[38;5;229m[ADB][0m     C:/Users/User/AppData/Local/Android/Sdk/build-tools/30.0.3
[38;5;229m[ADB][0m Using 'adb.exe' from 'C:\Users\User\AppData\Local\Android\Sdk\platform-tools\adb.exe'
[38;5;229m[ADB][0m Running 'C:\Users\User\AppData\Local\Android\Sdk\platform-tools\adb.exe -P 5037 start-server'
[38;5;183m[AndroidDriver][0m Retrieving device list
[38;5;229m[ADB][0m Trying to find a connected android device
[38;5;229m[ADB][0m Getting connected devices
[38;5;229m[ADB][0m Connected devices: [{"udid":"RZ8T50ZVKPE","state":"device"}]
[38;5;183m[AndroidDriver][0m Using device: RZ8T50ZVKPE
[38;5;229m[ADB][0m Using 'adb.exe' from 'C:\Users\User\AppData\Local\Android\Sdk\platform-tools\adb.exe'
[38;5;229m[ADB][0m Running 'C:\Users\User\AppData\Local\Android\Sdk\platform-tools\adb.exe -P 5037 start-server'
[38;5;229m[ADB][0m Setting device id to RZ8T50ZVKPE
[38;5;229m[ADB][0m Running 'C:\Users\User\AppData\Local\Android\Sdk\platform-tools\adb.exe -P 5037 -s RZ8T50ZVKPE shell getprop ro.build.version.sdk'
[38;5;229m[ADB][0m Current device property 'ro.build.version.sdk': 34
[38;5;229m[ADB][0m Getting device platform version
[38;5;229m[ADB][0m Running 'C:\Users\User\AppData\Local\Android\Sdk\platform-tools\adb.exe -P 5037 -s RZ8T50ZVKPE shell getprop ro.build.version.release'
[38;5;229m[ADB][0m Current device property 'ro.build.version.release': 14
[38;5;229m[ADB][0m Device API level: 34
[38;5;-74m[AndroidUiautomator2Driver@8098][0m Relaxing hidden api policy
[38;5;229m[ADB][0m Running 'C:\Users\User\AppData\Local\Android\Sdk\platform-tools\adb.exe -P 5037 -s RZ8T50ZVKPE shell 'settings put global hidden_api_policy_pre_p_apps 1;settings put global hidden_api_policy_p_apps 1;settings put global hidden_api_policy 1''
[38;5;183m[AndroidDriver][0m Parsing package and activity from app manifest
[38;5;229m[ADB][0m Package name: 'com.example.payment_gateway'
[38;5;229m[ADB][0m Main activity name: 'com.example.payment_gateway.MainActivity'
[38;5;183m[AndroidDriver][0m Parsed package and activity are: com.example.payment_gateway/com.example.payment_gateway.MainActivity
[38;5;229m[ADB][0m Running 'C:\Users\User\AppData\Local\Android\Sdk\platform-tools\adb.exe -P 5037 -s RZ8T50ZVKPE wait-for-device'
[38;5;229m[ADB][0m Running 'C:\Users\User\AppData\Local\Android\Sdk\platform-tools\adb.exe -P 5037 -s RZ8T50ZVKPE shell echo ping'
[38;5;183m[AndroidDriver][0m Pushing settings apk to device...
[38;5;229m[ADB][0m Getting install status for io.appium.settings
[38;5;229m[ADB][0m Running 'C:\Users\User\AppData\Local\Android\Sdk\platform-tools\adb.exe -P 5037 -s RZ8T50ZVKPE shell dumpsys package io.appium.settings'
[38;5;229m[ADB][0m 'io.appium.settings' is installed
[38;5;229m[ADB][0m Getting package info for 'io.appium.settings'
[38;5;229m[ADB][0m Running 'C:\Users\User\AppData\Local\Android\Sdk\platform-tools\adb.exe -P 5037 -s RZ8T50ZVKPE shell dumpsys package io.appium.settings'
[38;5;229m[ADB][0m The version code of the installed 'io.appium.settings' is greater than the application version code (90 > 55)
[38;5;229m[ADB][0m There is no need to downgrade 'io.appium.settings'
[38;5;229m[ADB][0m Getting IDs of all 'io.appium.settings' processes
[38;5;229m[ADB][0m Running 'C:\Users\User\AppData\Local\Android\Sdk\platform-tools\adb.exe -P 5037 -s RZ8T50ZVKPE shell 'pgrep --help; echo $?''
[38;5;229m[ADB][0m Running 'C:\Users\User\AppData\Local\Android\Sdk\platform-tools\adb.exe -P 5037 -s RZ8T50ZVKPE shell pgrep -f \(\[\[:blank:\]\]\|\^\)io\.appium\.settings\(\[\[:blank:\]\]\|\$\)'
[38;5;183m[AndroidDriver][0m io.appium.settings is already running. There is no need to reset its permissions.
[38;5;229m[ADB][0m Running 'C:\Users\User\AppData\Local\Android\Sdk\platform-tools\adb.exe -P 5037 -s RZ8T50ZVKPE shell appops set io.appium.settings android:mock_location allow'
[38;5;229m[ADB][0m Running 'C:\Users\User\AppData\Local\Android\Sdk\platform-tools\adb.exe -P 5037 -s RZ8T50ZVKPE shell "[ -e '/data/local/tmp/mock_apps.json' ] && echo __PASS__"'
[38;5;229m[ADB][0m Running 'C:\Users\User\AppData\Local\Android\Sdk\platform-tools\adb.exe -P 5037 -s RZ8T50ZVKPE shell cat /data/local/tmp/mock_apps.json'
[38;5;160m[Logcat][0m Starting logs capture with command: C:\\Users\\User\\AppData\\Local\\Android\\Sdk\\platform-tools\\adb.exe -P 5037 -s RZ8T50ZVKPE logcat -v threadtime
[38;5;-74m[AndroidUiautomator2Driver@8098][0m Forwarding UiAutomator2 Server port 6790 to local port 8200
[38;5;229m[ADB][0m Forwarding system: 8200 to device: 6790
[38;5;229m[ADB][0m Running 'C:\Users\User\AppData\Local\Android\Sdk\platform-tools\adb.exe -P 5037 -s RZ8T50ZVKPE forward tcp:8200 tcp:6790'
[38;5;229m[ADB][0m Getting install status for io.appium.uiautomator2.server
[38;5;229m[ADB][0m Running 'C:\Users\User\AppData\Local\Android\Sdk\platform-tools\adb.exe -P 5037 -s RZ8T50ZVKPE shell dumpsys package io.appium.uiautomator2.server'
[38;5;229m[ADB][0m 'io.appium.uiautomator2.server' is installed
[38;5;229m[ADB][0m Getting package info for 'io.appium.uiautomator2.server'
[38;5;229m[ADB][0m Running 'C:\Users\User\AppData\Local\Android\Sdk\platform-tools\adb.exe -P 5037 -s RZ8T50ZVKPE shell dumpsys package io.appium.uiautomator2.server'
[38;5;229m[ADB][0m The version name of the installed 'io.appium.uiautomator2.server' is greater or equal to the application version name ('5.7.8' >= '5.7.8')
[38;5;-74m[AndroidUiautomator2Driver@8098][0m io.appium.uiautomator2.server installation state: sameVersionInstalled
[38;5;229m[ADB][0m Checking app cert for C:\Users\User\Desktop\ACOE\POC\Mobile Automation Webdriverio\HRM Application\HRMWebdriverioMobile\node_modules\appium-uiautomator2-driver\node_modules\appium-uiautomator2-server\apks\appium-uiautomator2-server-v5.7.8.apk
[38;5;229m[ADB][0m Using 'apksigner.jar' from 'C:\Users\User\AppData\Local\Android\Sdk\build-tools\34.0.0\lib\apksigner.jar'
[38;5;229m[ADB][0m Starting apksigner: 'C:\\Program Files\\Java\\jdk-17\\bin\\java.exe' -Xmx1024M -Xss1m -jar C:\\Users\\User\\AppData\\Local\\Android\\Sdk\\build-tools\\34.0.0\\lib\\apksigner.jar verify --print-certs 'C:\\Users\\User\\Desktop\\ACOE\\POC\\Mobile Automation Webdriverio\\HRM Application\\HRMWebdriverioMobile\\node_modules\\appium-uiautomator2-driver\\node_modules\\appium-uiautomator2-server\\apks\\appium-uiautomator2-server-v5.7.8.apk'
[38;5;229m[ADB][0m apksigner stdout: Signer #1 certificate DN: EMAILADDRESS=android@android.com, CN=Android, OU=Android, O=Android, L=Mountain View, ST=California, C=US
[38;5;229m[ADB][0m Signer #1 certificate SHA-256 digest: a40da80a59d170caa950cf15c18c454d47a39b26989d8b640ecd745ba71bf5dc
[38;5;229m[ADB][0m Signer #1 certificate SHA-1 digest: 61ed377e85d386a8dfee6b864bd85b0bfaa5af81
[38;5;229m[ADB][0m Signer #1 certificate MD5 digest: e89b158e4bcf988ebd09eb83f5378e87
[38;5;229m[ADB][0m 
[38;5;229m[ADB][0m sha256 hash did match for 'appium-uiautomator2-server-v5.7.8.apk'
[38;5;229m[ADB][0m 'C:\Users\User\Desktop\ACOE\POC\Mobile Automation Webdriverio\HRM Application\HRMWebdriverioMobile\node_modules\appium-uiautomator2-driver\node_modules\appium-uiautomator2-server\apks\appium-uiautomator2-server-v5.7.8.apk' is signed with the default certificate
[38;5;229m[ADB][0m Getting install status for io.appium.uiautomator2.server.test
[38;5;229m[ADB][0m Running 'C:\Users\User\AppData\Local\Android\Sdk\platform-tools\adb.exe -P 5037 -s RZ8T50ZVKPE shell dumpsys package io.appium.uiautomator2.server.test'
[38;5;229m[ADB][0m 'io.appium.uiautomator2.server.test' is installed
[38;5;229m[ADB][0m Checking app cert for C:\Users\User\Desktop\ACOE\POC\Mobile Automation Webdriverio\HRM Application\HRMWebdriverioMobile\node_modules\appium-uiautomator2-driver\node_modules\appium-uiautomator2-server\apks\appium-uiautomator2-server-debug-androidTest.apk
[38;5;229m[ADB][0m Starting apksigner: 'C:\\Program Files\\Java\\jdk-17\\bin\\java.exe' -Xmx1024M -Xss1m -jar C:\\Users\\User\\AppData\\Local\\Android\\Sdk\\build-tools\\34.0.0\\lib\\apksigner.jar verify --print-certs 'C:\\Users\\User\\Desktop\\ACOE\\POC\\Mobile Automation Webdriverio\\HRM Application\\HRMWebdriverioMobile\\node_modules\\appium-uiautomator2-driver\\node_modules\\appium-uiautomator2-server\\apks\\appium-uiautomator2-server-debug-androidTest.apk'
[38;5;229m[ADB][0m apksigner stdout: Signer #1 certificate DN: EMAILADDRESS=android@android.com, CN=Android, OU=Android, O=Android, L=Mountain View, ST=California, C=US
[38;5;229m[ADB][0m Signer #1 certificate SHA-256 digest: a40da80a59d170caa950cf15c18c454d47a39b26989d8b640ecd745ba71bf5dc
[38;5;229m[ADB][0m Signer #1 certificate SHA-1 digest: 61ed377e85d386a8dfee6b864bd85b0bfaa5af81
[38;5;229m[ADB][0m Signer #1 certificate MD5 digest: e89b158e4bcf988ebd09eb83f5378e87
[38;5;229m[ADB][0m 
[38;5;229m[ADB][0m sha256 hash did match for 'appium-uiautomator2-server-debug-androidTest.apk'
[38;5;229m[ADB][0m 'C:\Users\User\Desktop\ACOE\POC\Mobile Automation Webdriverio\HRM Application\HRMWebdriverioMobile\node_modules\appium-uiautomator2-driver\node_modules\appium-uiautomator2-server\apks\appium-uiautomator2-server-debug-androidTest.apk' is signed with the default certificate
[38;5;-74m[AndroidUiautomator2Driver@8098][0m Server packages are not going to be (re)installed
[38;5;-74m[AndroidUiautomator2Driver@8098][0m Waiting up to 30000ms for services to be available
[38;5;229m[ADB][0m Running 'C:\Users\User\AppData\Local\Android\Sdk\platform-tools\adb.exe -P 5037 -s RZ8T50ZVKPE shell pm list instrumentation'
[38;5;-74m[AndroidUiautomator2Driver@8098][0m Instrumentation target 'io.appium.uiautomator2.server.test/androidx.test.runner.AndroidJUnitRunner' is available
[38;5;229m[ADB][0m Adding packages ["io.appium.settings","io.appium.uiautomator2.server","io.appium.uiautomator2.server.test"] to Doze whitelist
[38;5;229m[ADB][0m Got the following command chunks to execute: [["dumpsys","deviceidle","whitelist","+io.appium.settings",";","dumpsys","deviceidle","whitelist","+io.appium.uiautomator2.server",";","dumpsys","deviceidle","whitelist","+io.appium.uiautomator2.server.test",";"]]
[38;5;229m[ADB][0m Running 'C:\Users\User\AppData\Local\Android\Sdk\platform-tools\adb.exe -P 5037 -s RZ8T50ZVKPE shell dumpsys deviceidle whitelist +io.appium.settings ; dumpsys deviceidle whitelist +io.appium.uiautomator2.server ; dumpsys deviceidle whitelist +io.appium.uiautomator2.server.test ;'
[38;5;229m[ADB][0m Checking app cert for C:\Users\User\Desktop\ACOE\POC\Mobile Automation Webdriverio\HRM Application\HRMWebdriverioMobile\app\android\PaymentGateway.apk
[38;5;229m[ADB][0m Starting apksigner: 'C:\\Program Files\\Java\\jdk-17\\bin\\java.exe' -Xmx1024M -Xss1m -jar C:\\Users\\User\\AppData\\Local\\Android\\Sdk\\build-tools\\34.0.0\\lib\\apksigner.jar verify --print-certs 'C:\\Users\\User\\Desktop\\ACOE\\POC\\Mobile Automation Webdriverio\\HRM Application\\HRMWebdriverioMobile\\app\\android\\PaymentGateway.apk'
[38;5;229m[ADB][0m apksigner stdout: Signer #1 certificate DN: C=US, O=Android, CN=Android Debug
[38;5;229m[ADB][0m Signer #1 certificate SHA-256 digest: ff6aa40560e67068a8b648aa1de8f55ed7fedc709c592880f069b984e71e78c4
[38;5;229m[ADB][0m Signer #1 certificate SHA-1 digest: 25460fa42473c411b4f3f71062204246f6ddeb70
[38;5;229m[ADB][0m Signer #1 certificate MD5 digest: 3816dd679d41e3114e637cbd751078e5
[38;5;229m[ADB][0m 
[38;5;229m[ADB][0m 'C:\Users\User\Desktop\ACOE\POC\Mobile Automation Webdriverio\HRM Application\HRMWebdriverioMobile\app\android\PaymentGateway.apk' is signed with a non-default certificate
[38;5;229m[ADB][0m Getting install status for com.example.payment_gateway
[38;5;229m[ADB][0m Running 'C:\Users\User\AppData\Local\Android\Sdk\platform-tools\adb.exe -P 5037 -s RZ8T50ZVKPE shell dumpsys package com.example.payment_gateway'
[38;5;229m[ADB][0m 'com.example.payment_gateway' is installed
[38;5;229m[ADB][0m Getting package info for 'com.example.payment_gateway'
[38;5;229m[ADB][0m Running 'C:\Users\User\AppData\Local\Android\Sdk\platform-tools\adb.exe -P 5037 -s RZ8T50ZVKPE shell dumpsys package com.example.payment_gateway'
[38;5;229m[ADB][0m The version name of the installed 'com.example.payment_gateway' is greater or equal to the application version name ('1.0.0' >= '1.0.0')
[38;5;229m[ADB][0m There is no need to install/upgrade 'C:\Users\User\Desktop\ACOE\POC\Mobile Automation Webdriverio\HRM Application\HRMWebdriverioMobile\app\android\PaymentGateway.apk'
[38;5;183m[AndroidDriver][0m Performing fast reset on 'com.example.payment_gateway'
[38;5;229m[ADB][0m Getting install status for com.example.payment_gateway
[38;5;229m[ADB][0m Running 'C:\Users\User\AppData\Local\Android\Sdk\platform-tools\adb.exe -P 5037 -s RZ8T50ZVKPE shell dumpsys package com.example.payment_gateway'
[38;5;229m[ADB][0m 'com.example.payment_gateway' is installed
[38;5;229m[ADB][0m Running 'C:\Users\User\AppData\Local\Android\Sdk\platform-tools\adb.exe -P 5037 -s RZ8T50ZVKPE shell am force-stop com.example.payment_gateway'
[38;5;229m[ADB][0m Running 'C:\Users\User\AppData\Local\Android\Sdk\platform-tools\adb.exe -P 5037 -s RZ8T50ZVKPE shell pm clear com.example.payment_gateway'
[38;5;229m[ADB][0m Running 'C:\Users\User\AppData\Local\Android\Sdk\platform-tools\adb.exe -P 5037 -s RZ8T50ZVKPE shell dumpsys package com.example.payment_gateway'
[38;5;229m[ADB][0m Retrieving requested permissions
[38;5;229m[ADB][0m Retrieved 0 permissions from requested group
[38;5;229m[ADB][0m Retrieving granted permissions
[38;5;229m[ADB][0m Retrieved 0 permissions from install,runtime groups
[38;5;229m[ADB][0m com.example.payment_gateway contains no permissions available for granting
[38;5;183m[AndroidDriver][0m Performed fast reset on the installed 'com.example.payment_gateway' application (stop and clear)
[38;5;-74m[AndroidUiautomator2Driver@8098][0m Performing shallow cleanup of automation leftovers
[38;5;-74m[AndroidUiautomator2Driver@8098][0m No obsolete sessions have been detected (socket hang up)
[38;5;229m[ADB][0m Running 'C:\Users\User\AppData\Local\Android\Sdk\platform-tools\adb.exe -P 5037 -s RZ8T50ZVKPE shell am force-stop io.appium.uiautomator2.server.test'
[38;5;-74m[AndroidUiautomator2Driver@8098][0m Starting UIAutomator2 server 5.7.8
[38;5;-74m[AndroidUiautomator2Driver@8098][0m Using UIAutomator2 server from 'C:\Users\User\Desktop\ACOE\POC\Mobile Automation Webdriverio\HRM Application\HRMWebdriverioMobile\node_modules\appium-uiautomator2-driver\node_modules\appium-uiautomator2-server\apks\appium-uiautomator2-server-v5.7.8.apk' and test from 'C:\Users\User\Desktop\ACOE\POC\Mobile Automation Webdriverio\HRM Application\HRMWebdriverioMobile\node_modules\appium-uiautomator2-driver\node_modules\appium-uiautomator2-server\apks\appium-uiautomator2-server-debug-androidTest.apk'
[38;5;-74m[AndroidUiautomator2Driver@8098][0m Waiting up to 30000ms for UiAutomator2 to be online...
[38;5;229m[ADB][0m Creating ADB subprocess with args: ["-P",5037,"-s","RZ8T50ZVKPE","shell","am","instrument","-w","-e","disableAnalytics",true,"io.appium.uiautomator2.server.test/androidx.test.runner.AndroidJUnitRunner"]
[38;5;-74m[AndroidUiautomator2Driver@8098][0m Matched '/status' to command name 'getStatus'
[38;5;-74m[AndroidUiautomator2Driver@8098][0m Proxying [GET /status] to [GET http://127.0.0.1:8200/status] with no body
[38;5;-74m[AndroidUiautomator2Driver@8098][0m socket hang up
[38;5;-74m[AndroidUiautomator2Driver@8098][0m Matched '/status' to command name 'getStatus'
[38;5;-74m[AndroidUiautomator2Driver@8098][0m Proxying [GET /status] to [GET http://127.0.0.1:8200/status] with no body
[38;5;-74m[AndroidUiautomator2Driver@8098][0m socket hang up
[38;5;-74m[AndroidUiautomator2Driver@8098][0m Matched '/status' to command name 'getStatus'
[38;5;-74m[AndroidUiautomator2Driver@8098][0m Proxying [GET /status] to [GET http://127.0.0.1:8200/status] with no body
[38;5;-74m[AndroidUiautomator2Driver@8098][0m socket hang up
[38;5;-74m[AndroidUiautomator2Driver@8098][0m Matched '/status' to command name 'getStatus'
[38;5;-74m[AndroidUiautomator2Driver@8098][0m Proxying [GET /status] to [GET http://127.0.0.1:8200/status] with no body
[38;5;-74m[AndroidUiautomator2Driver@8098][0m socket hang up
[38;5;74m[Instrumentation][0m io.appium.uiautomator2.server.test.AppiumUiAutomator2Server:
[38;5;-74m[AndroidUiautomator2Driver@8098][0m Matched '/status' to command name 'getStatus'
[38;5;-74m[AndroidUiautomator2Driver@8098][0m Proxying [GET /status] to [GET http://127.0.0.1:8200/status] with no body
[38;5;-74m[AndroidUiautomator2Driver@8098][0m socket hang up
[38;5;-74m[AndroidUiautomator2Driver@8098][0m Matched '/status' to command name 'getStatus'
[38;5;-74m[AndroidUiautomator2Driver@8098][0m Proxying [GET /status] to [GET http://127.0.0.1:8200/status] with no body
[38;5;-74m[AndroidUiautomator2Driver@8098][0m Got response with status 200: {"sessionId":"None","value":{"message":"UiAutomator2 Server is ready to accept commands","ready":true}}
[38;5;-74m[AndroidUiautomator2Driver@8098][0m The initialization of the instrumentation process took 5447ms
[38;5;-74m[AndroidUiautomator2Driver@8098][0m Matched '/session' to command name 'createSession'
[38;5;-74m[AndroidUiautomator2Driver@8098][0m Proxying [POST /session] to [POST http://127.0.0.1:8200/session] with body: {"capabilities":{"firstMatch":[{"platform":"LINUX","webStorageEnabled":false,"takesScreenshot":true,"javascriptEnabled":true,"databaseEnabled":false,"networkConnectionEnabled":true,"locationContextEnabled":false,"warnings":{},"desired":{"platformName":"Android","deviceName":"RZ8T50ZVKPE","newCommandTimeout":0,"automationName":"UIAutomator2","app":"C:\\Users\\User\\Desktop\\ACOE\\POC\\Mobile Automation Webdriverio\\HRM Application\\HRMWebdriverioMobile\\app\\android\\PaymentGateway.apk","autoGrantPermissions":true,"unicodeKeyboard ":true,"resetKeyboard":true},"platformName":"Android","deviceName":"RZ8T50ZVKPE","newCommandTimeout":0,"automationName":"UIAutomator2","app":"C:\\Users\\User\\Desktop\\ACOE\\POC\\Mobile Automation Webdriverio\\HRM Application\\HRMWebdriverioMobile\\app\\android\\PaymentGateway.apk","autoGrantPermissions":true,"unicodeKeyboard ":true,"resetKeyboard":true,"deviceUDID":"RZ8T50ZVKPE","appPackage":"com.example.payment_gateway"}],"alwaysMatch":{}}}
[38;5;-74m[AndroidUiautomator2Driver@8098][0m Got response with status 200: {"sessionId":"7cd6404a-9094-45cd-9054-0d9fb63bc77b","value":{"capabilities":{"firstMatch":[{"platform":"LINUX","webStorageEnabled":false,"takesScreenshot":true,"javascriptEnabled":true,"databaseEnabled":false,"networkConnectionEnabled":true,"locationContextEnabled":false,"warnings":{},"desired":{"platformName":"Android","deviceName":"RZ8T50ZVKPE","newCommandTimeout":0,"automationName":"UIAutomator2","app":"C:\\Users\\User\\Desktop\\ACOE\\POC\\Mobile Automation Webdriverio\\HRM Application\\HRMWebdriverioMobile\\app\\android\\PaymentGateway.apk","autoGrantPermissions":true,"unicodeKeyboard ":true,"resetKeyboard":true},"platformName":"Android","deviceName":"RZ8T50ZVKPE","newCommandTimeout":0,"automationName":"UIAutomator2","app":"C:\\Users\\User\\Desktop\\ACOE\\POC\\Mobile Automation Webdriverio\\HRM Application\\HRMWebdriverioMobile\\app\\android\\PaymentGateway.apk","autoGrantPermissions":true,"unicodeKeyboard ":true,"resetKeyboard":true,"deviceUDID":"RZ8T50ZVKPE","appPackage":"com.example.payment_gateway"...
[38;5;-74m[AndroidUiautomator2Driver@8098][0m Determined the downstream protocol as 'W3C'
[38;5;-74m[AndroidUiautomator2Driver@8098][0m Proxying [GET /appium/device/info] to [GET http://127.0.0.1:8200/session/7cd6404a-9094-45cd-9054-0d9fb63bc77b/appium/device/info] with no body
[38;5;-74m[AndroidUiautomator2Driver@8098][0m Got response with status 200: {"sessionId":"7cd6404a-9094-45cd-9054-0d9fb63bc77b","value":{"androidId":"a95c6f7f6767de6d","apiVersion":"34","bluetooth":{"state":"ON"},"brand":"samsung","carrierName":"airtel","displayDensity":508,"locale":"en_IN","manufacturer":"samsung","model":"SM-A135F","networks":[{"capabilities":{"SSID":null,"linkDownBandwidthKbps":7754,"linkUpstreamBandwidthKbps":7754,"networkCapabilities":"NET_CAPABILITY_SUPL,NET_CAPABILITY_INTERNET,NET_CAPABILITY_NOT_RESTRICTED,NET_CAPABILITY_TRUSTED,NET_CAPABILITY_NOT_VPN,NET_CAPABILITY_VALIDATED,NET_CAPABILITY_NOT_ROAMING,NET_CAPABILITY_FOREGROUND,NET_CAPABILITY_NOT_CONGESTED,NET_CAPABILITY_NOT_SUSPENDED","signalStrength":-2147483648,"transportTypes":"TRANSPORT_CELLULAR"},"detailedState":"CONNECTED","extraInfo":"airtelgprs.com","isAvailable":true,"isConnected":true,"isFailover":false,"isRoaming":false,"state":"CONNECTED","subtype":13,"subtypeName":"LTE","type":0,"typeName":"MOBILE"},{"capabilities":{"SSID":null,"linkDownBandwidthKbps":14,"linkUpstreamBandwidthKbps":14,"network...
[38;5;229m[ADB][0m Running 'C:\Users\User\AppData\Local\Android\Sdk\platform-tools\adb.exe -P 5037 -s RZ8T50ZVKPE shell dumpsys window'
[38;5;183m[AndroidDriver][0m Screen already unlocked, doing nothing
[38;5;-74m[AndroidUiautomator2Driver@8098][0m Starting 'com.example.payment_gateway/com.example.payment_gateway.MainActivity and waiting for 'com.example.payment_gateway/com.example.payment_gateway.MainActivity'
[38;5;229m[ADB][0m Running 'C:\Users\User\AppData\Local\Android\Sdk\platform-tools\adb.exe -P 5037 -s RZ8T50ZVKPE shell am start -W -n com.example.payment_gateway/com.example.payment_gateway.MainActivity -S -a android.intent.action.MAIN -c android.intent.category.LAUNCHER -f 0x10200000'
[38;5;229m[ADB][0m Waiting up to 20000ms for activity matching pkg: 'com.example.payment_gateway' and activity: 'com.example.payment_gateway.MainActivity' to be focused
[38;5;229m[ADB][0m Possible activities, to be checked: 'com.example.payment_gateway.MainActivity', 'com.example.payment_gateway.com.example.payment_gateway.MainActivity'
[38;5;229m[ADB][0m Getting focused package and activity
[38;5;229m[ADB][0m Running 'C:\Users\User\AppData\Local\Android\Sdk\platform-tools\adb.exe -P 5037 -s RZ8T50ZVKPE shell dumpsys window displays'
[38;5;229m[ADB][0m Found package: 'com.example.payment_gateway' and fully qualified activity name : 'com.example.payment_gateway.MainActivity'
[38;5;-74m[AndroidUiautomator2Driver@8098][0m Proxying [GET /appium/device/pixel_ratio] to [GET http://127.0.0.1:8200/session/7cd6404a-9094-45cd-9054-0d9fb63bc77b/appium/device/pixel_ratio] with no body
[38;5;-74m[AndroidUiautomator2Driver@8098][0m Got response with status 200: {"sessionId":"7cd6404a-9094-45cd-9054-0d9fb63bc77b","value":3.175}
[38;5;-74m[AndroidUiautomator2Driver@8098][0m Matched '/appium/device/system_bars' to command name 'getSystemBars'
[38;5;-74m[AndroidUiautomator2Driver@8098][0m Proxying [GET /appium/device/system_bars] to [GET http://127.0.0.1:8200/session/7cd6404a-9094-45cd-9054-0d9fb63bc77b/appium/device/system_bars] with no body
[38;5;-74m[AndroidUiautomator2Driver@8098][0m Got response with status 200: {"sessionId":"7cd6404a-9094-45cd-9054-0d9fb63bc77b","value":{"statusBar":70}}
[38;5;-74m[AndroidUiautomator2Driver@8098][0m Matched '/window/current/size' to command name 'getWindowSize'
[38;5;-74m[AndroidUiautomator2Driver@8098][0m Proxying [GET /window/current/size] to [GET http://127.0.0.1:8200/session/7cd6404a-9094-45cd-9054-0d9fb63bc77b/window/current/size] with no body
[38;5;-74m[AndroidUiautomator2Driver@8098][0m Got response with status 200: {"sessionId":"7cd6404a-9094-45cd-9054-0d9fb63bc77b","value":{"height":2191,"width":1080}}
[38;5;150m[AppiumDriver@a9a5][0m New AndroidUiautomator2Driver session created successfully, session f95a4cff-9a1c-462f-ac92-6bba735e95a1 added to master session list
[38;5;150m[AppiumDriver@a9a5][0m Event 'newSessionStarted' logged at 1718353534875 (13:55:34 GMT+0530 (India Standard Time))
[38;5;-74m[AndroidUiautomator2Driver@8098][0m Cached the protocol value 'W3C' for the new session f95a4cff-9a1c-462f-ac92-6bba735e95a1
[38;5;-74m[AndroidUiautomator2Driver@8098][0m Responding to client with driver.createSession() result: {"capabilities":{"platform":"LINUX","webStorageEnabled":false,"takesScreenshot":true,"javascriptEnabled":true,"databaseEnabled":false,"networkConnectionEnabled":true,"locationContextEnabled":false,"warnings":{},"desired":{"platformName":"Android","deviceName":"RZ8T50ZVKPE","newCommandTimeout":0,"automationName":"UIAutomator2","app":"C:\\Users\\User\\Desktop\\ACOE\\POC\\Mobile Automation Webdriverio\\HRM Application\\HRMWebdriverioMobile\\app\\android\\PaymentGateway.apk","autoGrantPermissions":true,"unicodeKeyboard ":true,"resetKeyboard":true},"platformName":"Android","deviceName":"RZ8T50ZVKPE","newCommandTimeout":0,"automationName":"UIAutomator2","app":"C:\\Users\\User\\Desktop\\ACOE\\POC\\Mobile Automation Webdriverio\\HRM Application\\HRMWebdriverioMobile\\app\\android\\PaymentGateway.apk","autoGrantPermissions":true,"unicodeKeyboard ":true,"resetKeyboard":true,"deviceUDID":"RZ8T50ZVKPE","appPackage":"com.example.payment_gateway","deviceApiLevel":34,"platformVersion":"14","deviceScreenSize":"1080x2408",...
[38;5;86m[HTTP][0m [37m<-- POST /session [39m[32m200[39m [90m15023 ms - 1265[39m [90m[39m
[38;5;206m[f95a4cff][0m[38;5;86m[HTTP][0m [37m-->[39m [37mPOST[39m [37m/session/f95a4cff-9a1c-462f-ac92-6bba735e95a1/element[39m [90m{"using":"xpath","value":"//android.widget.Button[@content-desc='Proceed to Payment']"}[39m
[38;5;206m[f95a4cff][0m[38;5;-74m[AndroidUiautomator2Driver@8098][0m Calling AppiumDriver.findElement() with args: ["xpath","//android.widget.Button[@content-desc='Proceed to Payment']","f95a4cff-9a1c-462f-ac92-6bba735e95a1"]
[38;5;206m[f95a4cff][0m[38;5;-74m[AndroidUiautomator2Driver@8098][0m Valid locator strategies for this request: xpath, id, class name, accessibility id, css selector, -android uiautomator
[38;5;206m[f95a4cff][0m[38;5;-74m[AndroidUiautomator2Driver@8098][0m Waiting up to 0 ms for condition
[38;5;206m[f95a4cff][0m[38;5;-74m[AndroidUiautomator2Driver@8098][0m Matched '/element' to command name 'findElement'
[38;5;206m[f95a4cff][0m[38;5;-74m[AndroidUiautomator2Driver@8098][0m Proxying [POST /element] to [POST http://127.0.0.1:8200/session/7cd6404a-9094-45cd-9054-0d9fb63bc77b/element] with body: {"strategy":"xpath","selector":"//android.widget.Button[@content-desc='Proceed to Payment']","context":"","multiple":false}
[38;5;206m[f95a4cff][0m[38;5;-74m[AndroidUiautomator2Driver@8098][0m Got response with status 200: {"sessionId":"7cd6404a-9094-45cd-9054-0d9fb63bc77b","value":{"ELEMENT":"00000000-0000-037b-0000-000700000003","element-6066-11e4-a52e-4f735466cecf":"00000000-0000-037b-0000-000700000003"}}
[38;5;206m[f95a4cff][0m[38;5;-74m[AndroidUiautomator2Driver@8098][0m Responding to client with driver.findElement() result: {"element-6066-11e4-a52e-4f735466cecf":"00000000-0000-037b-0000-000700000003","ELEMENT":"00000000-0000-037b-0000-000700000003"}
[38;5;206m[f95a4cff][0m[38;5;86m[HTTP][0m [37m<-- POST /session/f95a4cff-9a1c-462f-ac92-6bba735e95a1/element [39m[32m200[39m [90m4671 ms - 137[39m [90m[39m
[38;5;206m[f95a4cff][0m[38;5;86m[HTTP][0m [37m-->[39m [37mPOST[39m [37m/session/f95a4cff-9a1c-462f-ac92-6bba735e95a1/element/00000000-0000-037b-0000-000700000003/click[39m [90m{}[39m
[38;5;206m[f95a4cff][0m[38;5;-74m[AndroidUiautomator2Driver@8098][0m Calling AppiumDriver.click() with args: ["00000000-0000-037b-0000-000700000003","f95a4cff-9a1c-462f-ac92-6bba735e95a1"]
[38;5;206m[f95a4cff][0m[38;5;-74m[AndroidUiautomator2Driver@8098][0m Matched '/element/00000000-0000-037b-0000-000700000003/click' to command name 'click'
[38;5;206m[f95a4cff][0m[38;5;-74m[AndroidUiautomator2Driver@8098][0m Proxying [POST /element/00000000-0000-037b-0000-000700000003/click] to [POST http://127.0.0.1:8200/session/7cd6404a-9094-45cd-9054-0d9fb63bc77b/element/00000000-0000-037b-0000-000700000003/click] with body: {"element":"00000000-0000-037b-0000-000700000003"}
[38;5;206m[f95a4cff][0m[38;5;-74m[AndroidUiautomator2Driver@8098][0m Got response with status 200: {"sessionId":"7cd6404a-9094-45cd-9054-0d9fb63bc77b","value":null}
[38;5;206m[f95a4cff][0m[38;5;-74m[AndroidUiautomator2Driver@8098][0m Responding to client with driver.click() result: null
[38;5;206m[f95a4cff][0m[38;5;86m[HTTP][0m [37m<-- POST /session/f95a4cff-9a1c-462f-ac92-6bba735e95a1/element/00000000-0000-037b-0000-000700000003/click [39m[32m200[39m [90m655 ms - 14[39m [90m[39m
[38;5;206m[f95a4cff][0m[38;5;86m[HTTP][0m [37m-->[39m [37mPOST[39m [37m/session/f95a4cff-9a1c-462f-ac92-6bba735e95a1/element[39m [90m{"using":"xpath","value":"//android.view.View[@content-desc='Card']"}[39m
[38;5;206m[f95a4cff][0m[38;5;-74m[AndroidUiautomator2Driver@8098][0m Calling AppiumDriver.findElement() with args: ["xpath","//android.view.View[@content-desc='Card']","f95a4cff-9a1c-462f-ac92-6bba735e95a1"]
[38;5;206m[f95a4cff][0m[38;5;-74m[AndroidUiautomator2Driver@8098][0m Valid locator strategies for this request: xpath, id, class name, accessibility id, css selector, -android uiautomator
[38;5;206m[f95a4cff][0m[38;5;-74m[AndroidUiautomator2Driver@8098][0m Waiting up to 0 ms for condition
[38;5;206m[f95a4cff][0m[38;5;-74m[AndroidUiautomator2Driver@8098][0m Matched '/element' to command name 'findElement'
[38;5;206m[f95a4cff][0m[38;5;-74m[AndroidUiautomator2Driver@8098][0m Proxying [POST /element] to [POST http://127.0.0.1:8200/session/7cd6404a-9094-45cd-9054-0d9fb63bc77b/element] with body: {"strategy":"xpath","selector":"//android.view.View[@content-desc='Card']","context":"","multiple":false}
[38;5;206m[f95a4cff][0m[38;5;-74m[AndroidUiautomator2Driver@8098][0m Got response with status 200: {"sessionId":"7cd6404a-9094-45cd-9054-0d9fb63bc77b","value":{"ELEMENT":"00000000-0000-037b-0000-001300000003","element-6066-11e4-a52e-4f735466cecf":"00000000-0000-037b-0000-001300000003"}}
[38;5;206m[f95a4cff][0m[38;5;-74m[AndroidUiautomator2Driver@8098][0m Responding to client with driver.findElement() result: {"element-6066-11e4-a52e-4f735466cecf":"00000000-0000-037b-0000-001300000003","ELEMENT":"00000000-0000-037b-0000-001300000003"}
[38;5;206m[f95a4cff][0m[38;5;86m[HTTP][0m [37m<-- POST /session/f95a4cff-9a1c-462f-ac92-6bba735e95a1/element [39m[32m200[39m [90m348 ms - 137[39m [90m[39m
[38;5;206m[f95a4cff][0m[38;5;86m[HTTP][0m [37m-->[39m [37mPOST[39m [37m/session/f95a4cff-9a1c-462f-ac92-6bba735e95a1/element/00000000-0000-037b-0000-001300000003/click[39m [90m{}[39m
[38;5;206m[f95a4cff][0m[38;5;-74m[AndroidUiautomator2Driver@8098][0m Calling AppiumDriver.click() with args: ["00000000-0000-037b-0000-001300000003","f95a4cff-9a1c-462f-ac92-6bba735e95a1"]
[38;5;206m[f95a4cff][0m[38;5;-74m[AndroidUiautomator2Driver@8098][0m Matched '/element/00000000-0000-037b-0000-001300000003/click' to command name 'click'
[38;5;206m[f95a4cff][0m[38;5;-74m[AndroidUiautomator2Driver@8098][0m Proxying [POST /element/00000000-0000-037b-0000-001300000003/click] to [POST http://127.0.0.1:8200/session/7cd6404a-9094-45cd-9054-0d9fb63bc77b/element/00000000-0000-037b-0000-001300000003/click] with body: {"element":"00000000-0000-037b-0000-001300000003"}
[38;5;206m[f95a4cff][0m[38;5;-74m[AndroidUiautomator2Driver@8098][0m Got response with status 200: {"sessionId":"7cd6404a-9094-45cd-9054-0d9fb63bc77b","value":null}
[38;5;206m[f95a4cff][0m[38;5;-74m[AndroidUiautomator2Driver@8098][0m Responding to client with driver.click() result: null
[38;5;206m[f95a4cff][0m[38;5;86m[HTTP][0m [37m<-- POST /session/f95a4cff-9a1c-462f-ac92-6bba735e95a1/element/00000000-0000-037b-0000-001300000003/click [39m[32m200[39m [90m83 ms - 14[39m [90m[39m
[38;5;206m[f95a4cff][0m[38;5;86m[HTTP][0m [37m-->[39m [37mPOST[39m [37m/session/f95a4cff-9a1c-462f-ac92-6bba735e95a1/element[39m [90m{"using":"xpath","value":"//android.widget.EditText[@hint='Card Number']"}[39m
[38;5;206m[f95a4cff][0m[38;5;-74m[AndroidUiautomator2Driver@8098][0m Calling AppiumDriver.findElement() with args: ["xpath","//android.widget.EditText[@hint='Card Number']","f95a4cff-9a1c-462f-ac92-6bba735e95a1"]
[38;5;206m[f95a4cff][0m[38;5;-74m[AndroidUiautomator2Driver@8098][0m Valid locator strategies for this request: xpath, id, class name, accessibility id, css selector, -android uiautomator
[38;5;206m[f95a4cff][0m[38;5;-74m[AndroidUiautomator2Driver@8098][0m Waiting up to 0 ms for condition
[38;5;206m[f95a4cff][0m[38;5;-74m[AndroidUiautomator2Driver@8098][0m Matched '/element' to command name 'findElement'
[38;5;206m[f95a4cff][0m[38;5;-74m[AndroidUiautomator2Driver@8098][0m Proxying [POST /element] to [POST http://127.0.0.1:8200/session/7cd6404a-9094-45cd-9054-0d9fb63bc77b/element] with body: {"strategy":"xpath","selector":"//android.widget.EditText[@hint='Card Number']","context":"","multiple":false}
[38;5;206m[f95a4cff][0m[38;5;-74m[AndroidUiautomator2Driver@8098][0m Got response with status 200: {"sessionId":"7cd6404a-9094-45cd-9054-0d9fb63bc77b","value":{"ELEMENT":"00000000-0000-037b-0000-001f00000003","element-6066-11e4-a52e-4f735466cecf":"00000000-0000-037b-0000-001f00000003"}}
[38;5;206m[f95a4cff][0m[38;5;-74m[AndroidUiautomator2Driver@8098][0m Responding to client with driver.findElement() result: {"element-6066-11e4-a52e-4f735466cecf":"00000000-0000-037b-0000-001f00000003","ELEMENT":"00000000-0000-037b-0000-001f00000003"}
[38;5;206m[f95a4cff][0m[38;5;86m[HTTP][0m [37m<-- POST /session/f95a4cff-9a1c-462f-ac92-6bba735e95a1/element [39m[32m200[39m [90m812 ms - 137[39m [90m[39m
[38;5;206m[f95a4cff][0m[38;5;86m[HTTP][0m [37m-->[39m [37mPOST[39m [37m/session/f95a4cff-9a1c-462f-ac92-6bba735e95a1/element/00000000-0000-037b-0000-001f00000003/click[39m [90m{}[39m
[38;5;206m[f95a4cff][0m[38;5;-74m[AndroidUiautomator2Driver@8098][0m Calling AppiumDriver.click() with args: ["00000000-0000-037b-0000-001f00000003","f95a4cff-9a1c-462f-ac92-6bba735e95a1"]
[38;5;206m[f95a4cff][0m[38;5;-74m[AndroidUiautomator2Driver@8098][0m Matched '/element/00000000-0000-037b-0000-001f00000003/click' to command name 'click'
[38;5;206m[f95a4cff][0m[38;5;-74m[AndroidUiautomator2Driver@8098][0m Proxying [POST /element/00000000-0000-037b-0000-001f00000003/click] to [POST http://127.0.0.1:8200/session/7cd6404a-9094-45cd-9054-0d9fb63bc77b/element/00000000-0000-037b-0000-001f00000003/click] with body: {"element":"00000000-0000-037b-0000-001f00000003"}
[38;5;206m[f95a4cff][0m[38;5;-74m[AndroidUiautomator2Driver@8098][0m Got response with status 200: {"sessionId":"7cd6404a-9094-45cd-9054-0d9fb63bc77b","value":null}
[38;5;206m[f95a4cff][0m[38;5;-74m[AndroidUiautomator2Driver@8098][0m Responding to client with driver.click() result: null
[38;5;206m[f95a4cff][0m[38;5;86m[HTTP][0m [37m<-- POST /session/f95a4cff-9a1c-462f-ac92-6bba735e95a1/element/00000000-0000-037b-0000-001f00000003/click [39m[32m200[39m [90m103 ms - 14[39m [90m[39m
[38;5;206m[f95a4cff][0m[38;5;86m[HTTP][0m [37m-->[39m [37mPOST[39m [37m/session/f95a4cff-9a1c-462f-ac92-6bba735e95a1/element[39m [90m{"using":"xpath","value":"//android.widget.EditText[@hint='Card Number']"}[39m
[38;5;206m[f95a4cff][0m[38;5;-74m[AndroidUiautomator2Driver@8098][0m Calling AppiumDriver.findElement() with args: ["xpath","//android.widget.EditText[@hint='Card Number']","f95a4cff-9a1c-462f-ac92-6bba735e95a1"]
[38;5;206m[f95a4cff][0m[38;5;-74m[AndroidUiautomator2Driver@8098][0m Valid locator strategies for this request: xpath, id, class name, accessibility id, css selector, -android uiautomator
[38;5;206m[f95a4cff][0m[38;5;-74m[AndroidUiautomator2Driver@8098][0m Waiting up to 0 ms for condition
[38;5;206m[f95a4cff][0m[38;5;-74m[AndroidUiautomator2Driver@8098][0m Matched '/element' to command name 'findElement'
[38;5;206m[f95a4cff][0m[38;5;-74m[AndroidUiautomator2Driver@8098][0m Proxying [POST /element] to [POST http://127.0.0.1:8200/session/7cd6404a-9094-45cd-9054-0d9fb63bc77b/element] with body: {"strategy":"xpath","selector":"//android.widget.EditText[@hint='Card Number']","context":"","multiple":false}
[38;5;206m[f95a4cff][0m[38;5;-74m[AndroidUiautomator2Driver@8098][0m Got response with status 200: {"sessionId":"7cd6404a-9094-45cd-9054-0d9fb63bc77b","value":{"ELEMENT":"00000000-0000-037b-0000-001f00000003","element-6066-11e4-a52e-4f735466cecf":"00000000-0000-037b-0000-001f00000003"}}
[38;5;206m[f95a4cff][0m[38;5;-74m[AndroidUiautomator2Driver@8098][0m Responding to client with driver.findElement() result: {"element-6066-11e4-a52e-4f735466cecf":"00000000-0000-037b-0000-001f00000003","ELEMENT":"00000000-0000-037b-0000-001f00000003"}
[38;5;206m[f95a4cff][0m[38;5;86m[HTTP][0m [37m<-- POST /session/f95a4cff-9a1c-462f-ac92-6bba735e95a1/element [39m[32m200[39m [90m1415 ms - 137[39m [90m[39m
[38;5;206m[f95a4cff][0m[38;5;86m[HTTP][0m [37m-->[39m [37mPOST[39m [37m/session/f95a4cff-9a1c-462f-ac92-6bba735e95a1/element/00000000-0000-037b-0000-001f00000003/clear[39m [90m{}[39m
[38;5;206m[f95a4cff][0m[38;5;-74m[AndroidUiautomator2Driver@8098][0m Calling AppiumDriver.clear() with args: ["00000000-0000-037b-0000-001f00000003","f95a4cff-9a1c-462f-ac92-6bba735e95a1"]
[38;5;206m[f95a4cff][0m[38;5;-74m[AndroidUiautomator2Driver@8098][0m Matched '/element/00000000-0000-037b-0000-001f00000003/clear' to command name 'clear'
[38;5;206m[f95a4cff][0m[38;5;-74m[AndroidUiautomator2Driver@8098][0m Proxying [POST /element/00000000-0000-037b-0000-001f00000003/clear] to [POST http://127.0.0.1:8200/session/7cd6404a-9094-45cd-9054-0d9fb63bc77b/element/00000000-0000-037b-0000-001f00000003/clear] with body: {"elementId":"00000000-0000-037b-0000-001f00000003"}
[38;5;206m[f95a4cff][0m[38;5;-74m[AndroidUiautomator2Driver@8098][0m Got response with status 200: {"sessionId":"7cd6404a-9094-45cd-9054-0d9fb63bc77b","value":null}
[38;5;206m[f95a4cff][0m[38;5;-74m[AndroidUiautomator2Driver@8098][0m Responding to client with driver.clear() result: null
[38;5;206m[f95a4cff][0m[38;5;86m[HTTP][0m [37m<-- POST /session/f95a4cff-9a1c-462f-ac92-6bba735e95a1/element/00000000-0000-037b-0000-001f00000003/clear [39m[32m200[39m [90m56 ms - 14[39m [90m[39m
[38;5;206m[f95a4cff][0m[38;5;86m[HTTP][0m [37m-->[39m [37mPOST[39m [37m/session/f95a4cff-9a1c-462f-ac92-6bba735e95a1/element/00000000-0000-037b-0000-001f00000003/value[39m [90m{"text":"1234567890123456"}[39m
[38;5;206m[f95a4cff][0m[38;5;-74m[AndroidUiautomator2Driver@8098][0m Calling AppiumDriver.setValue() with args: ["1234567890123456","00000000-0000-037b-0000-001f00000003","f95a4cff-9a1c-462f-ac92-6bba735e95a1"]
[38;5;206m[f95a4cff][0m[38;5;-74m[AndroidUiautomator2Driver@8098][0m Matched '/element/00000000-0000-037b-0000-001f00000003/value' to command name 'setValue'
[38;5;206m[f95a4cff][0m[38;5;-74m[AndroidUiautomator2Driver@8098][0m Added 'value' property ["1","2","3","4","5","6","7","8","9","0","1","2","3","4","5","6"] to 'setValue' request body
[38;5;206m[f95a4cff][0m[38;5;-74m[AndroidUiautomator2Driver@8098][0m Proxying [POST /element/00000000-0000-037b-0000-001f00000003/value] to [POST http://127.0.0.1:8200/session/7cd6404a-9094-45cd-9054-0d9fb63bc77b/element/00000000-0000-037b-0000-001f00000003/value] with body: {"elementId":"00000000-0000-037b-0000-001f00000003","text":"1234567890123456","replace":false,"value":["1","2","3","4","5","6","7","8","9","0","1","2","3","4","5","6"]}
[38;5;206m[f95a4cff][0m[38;5;-74m[AndroidUiautomator2Driver@8098][0m Got response with status 200: {"sessionId":"7cd6404a-9094-45cd-9054-0d9fb63bc77b","value":null}
[38;5;206m[f95a4cff][0m[38;5;-74m[AndroidUiautomator2Driver@8098][0m Responding to client with driver.setValue() result: null
[38;5;206m[f95a4cff][0m[38;5;86m[HTTP][0m [37m<-- POST /session/f95a4cff-9a1c-462f-ac92-6bba735e95a1/element/00000000-0000-037b-0000-001f00000003/value [39m[32m200[39m [90m85 ms - 14[39m [90m[39m
[38;5;206m[f95a4cff][0m[38;5;86m[HTTP][0m [37m-->[39m [37mPOST[39m [37m/session/f95a4cff-9a1c-462f-ac92-6bba735e95a1/element[39m [90m{"using":"xpath","value":"//android.widget.EditText[@hint='Expiry Date (MM/YY)']"}[39m
[38;5;206m[f95a4cff][0m[38;5;-74m[AndroidUiautomator2Driver@8098][0m Calling AppiumDriver.findElement() with args: ["xpath","//android.widget.EditText[@hint='Expiry Date (MM/YY)']","f95a4cff-9a1c-462f-ac92-6bba735e95a1"]
[38;5;206m[f95a4cff][0m[38;5;-74m[AndroidUiautomator2Driver@8098][0m Valid locator strategies for this request: xpath, id, class name, accessibility id, css selector, -android uiautomator
[38;5;206m[f95a4cff][0m[38;5;-74m[AndroidUiautomator2Driver@8098][0m Waiting up to 0 ms for condition
[38;5;206m[f95a4cff][0m[38;5;-74m[AndroidUiautomator2Driver@8098][0m Matched '/element' to command name 'findElement'
[38;5;206m[f95a4cff][0m[38;5;-74m[AndroidUiautomator2Driver@8098][0m Proxying [POST /element] to [POST http://127.0.0.1:8200/session/7cd6404a-9094-45cd-9054-0d9fb63bc77b/element] with body: {"strategy":"xpath","selector":"//android.widget.EditText[@hint='Expiry Date (MM/YY)']","context":"","multiple":false}
[38;5;206m[f95a4cff][0m[38;5;-74m[AndroidUiautomator2Driver@8098][0m Got response with status 200: {"sessionId":"7cd6404a-9094-45cd-9054-0d9fb63bc77b","value":{"ELEMENT":"00000000-0000-037b-0000-002000000003","element-6066-11e4-a52e-4f735466cecf":"00000000-0000-037b-0000-002000000003"}}
[38;5;206m[f95a4cff][0m[38;5;-74m[AndroidUiautomator2Driver@8098][0m Responding to client with driver.findElement() result: {"element-6066-11e4-a52e-4f735466cecf":"00000000-0000-037b-0000-002000000003","ELEMENT":"00000000-0000-037b-0000-002000000003"}
[38;5;206m[f95a4cff][0m[38;5;86m[HTTP][0m [37m<-- POST /session/f95a4cff-9a1c-462f-ac92-6bba735e95a1/element [39m[32m200[39m [90m804 ms - 137[39m [90m[39m
[38;5;206m[f95a4cff][0m[38;5;86m[HTTP][0m [37m-->[39m [37mPOST[39m [37m/session/f95a4cff-9a1c-462f-ac92-6bba735e95a1/element/00000000-0000-037b-0000-002000000003/click[39m [90m{}[39m
[38;5;206m[f95a4cff][0m[38;5;-74m[AndroidUiautomator2Driver@8098][0m Calling AppiumDriver.click() with args: ["00000000-0000-037b-0000-002000000003","f95a4cff-9a1c-462f-ac92-6bba735e95a1"]
[38;5;206m[f95a4cff][0m[38;5;-74m[AndroidUiautomator2Driver@8098][0m Matched '/element/00000000-0000-037b-0000-002000000003/click' to command name 'click'
[38;5;206m[f95a4cff][0m[38;5;-74m[AndroidUiautomator2Driver@8098][0m Proxying [POST /element/00000000-0000-037b-0000-002000000003/click] to [POST http://127.0.0.1:8200/session/7cd6404a-9094-45cd-9054-0d9fb63bc77b/element/00000000-0000-037b-0000-002000000003/click] with body: {"element":"00000000-0000-037b-0000-002000000003"}
[38;5;206m[f95a4cff][0m[38;5;-74m[AndroidUiautomator2Driver@8098][0m Got response with status 200: {"sessionId":"7cd6404a-9094-45cd-9054-0d9fb63bc77b","value":null}
[38;5;206m[f95a4cff][0m[38;5;-74m[AndroidUiautomator2Driver@8098][0m Responding to client with driver.click() result: null
[38;5;206m[f95a4cff][0m[38;5;86m[HTTP][0m [37m<-- POST /session/f95a4cff-9a1c-462f-ac92-6bba735e95a1/element/00000000-0000-037b-0000-002000000003/click [39m[32m200[39m [90m110 ms - 14[39m [90m[39m
[38;5;206m[f95a4cff][0m[38;5;86m[HTTP][0m [37m-->[39m [37mPOST[39m [37m/session/f95a4cff-9a1c-462f-ac92-6bba735e95a1/element[39m [90m{"using":"xpath","value":"//android.widget.EditText[@hint='Expiry Date (MM/YY)']"}[39m
[38;5;206m[f95a4cff][0m[38;5;-74m[AndroidUiautomator2Driver@8098][0m Calling AppiumDriver.findElement() with args: ["xpath","//android.widget.EditText[@hint='Expiry Date (MM/YY)']","f95a4cff-9a1c-462f-ac92-6bba735e95a1"]
[38;5;206m[f95a4cff][0m[38;5;-74m[AndroidUiautomator2Driver@8098][0m Valid locator strategies for this request: xpath, id, class name, accessibility id, css selector, -android uiautomator
[38;5;206m[f95a4cff][0m[38;5;-74m[AndroidUiautomator2Driver@8098][0m Waiting up to 0 ms for condition
[38;5;206m[f95a4cff][0m[38;5;-74m[AndroidUiautomator2Driver@8098][0m Matched '/element' to command name 'findElement'
[38;5;206m[f95a4cff][0m[38;5;-74m[AndroidUiautomator2Driver@8098][0m Proxying [POST /element] to [POST http://127.0.0.1:8200/session/7cd6404a-9094-45cd-9054-0d9fb63bc77b/element] with body: {"strategy":"xpath","selector":"//android.widget.EditText[@hint='Expiry Date (MM/YY)']","context":"","multiple":false}
[38;5;206m[f95a4cff][0m[38;5;-74m[AndroidUiautomator2Driver@8098][0m Got response with status 200: {"sessionId":"7cd6404a-9094-45cd-9054-0d9fb63bc77b","value":{"ELEMENT":"00000000-0000-037b-0000-002000000003","element-6066-11e4-a52e-4f735466cecf":"00000000-0000-037b-0000-002000000003"}}
[38;5;206m[f95a4cff][0m[38;5;-74m[AndroidUiautomator2Driver@8098][0m Responding to client with driver.findElement() result: {"element-6066-11e4-a52e-4f735466cecf":"00000000-0000-037b-0000-002000000003","ELEMENT":"00000000-0000-037b-0000-002000000003"}
[38;5;206m[f95a4cff][0m[38;5;86m[HTTP][0m [37m<-- POST /session/f95a4cff-9a1c-462f-ac92-6bba735e95a1/element [39m[32m200[39m [90m968 ms - 137[39m [90m[39m
[38;5;206m[f95a4cff][0m[38;5;86m[HTTP][0m [37m-->[39m [37mPOST[39m [37m/session/f95a4cff-9a1c-462f-ac92-6bba735e95a1/element/00000000-0000-037b-0000-002000000003/clear[39m [90m{}[39m
[38;5;206m[f95a4cff][0m[38;5;-74m[AndroidUiautomator2Driver@8098][0m Calling AppiumDriver.clear() with args: ["00000000-0000-037b-0000-002000000003","f95a4cff-9a1c-462f-ac92-6bba735e95a1"]
[38;5;206m[f95a4cff][0m[38;5;-74m[AndroidUiautomator2Driver@8098][0m Matched '/element/00000000-0000-037b-0000-002000000003/clear' to command name 'clear'
[38;5;206m[f95a4cff][0m[38;5;-74m[AndroidUiautomator2Driver@8098][0m Proxying [POST /element/00000000-0000-037b-0000-002000000003/clear] to [POST http://127.0.0.1:8200/session/7cd6404a-9094-45cd-9054-0d9fb63bc77b/element/00000000-0000-037b-0000-002000000003/clear] with body: {"elementId":"00000000-0000-037b-0000-002000000003"}
[38;5;206m[f95a4cff][0m[38;5;-74m[AndroidUiautomator2Driver@8098][0m Got response with status 200: {"sessionId":"7cd6404a-9094-45cd-9054-0d9fb63bc77b","value":null}
[38;5;206m[f95a4cff][0m[38;5;-74m[AndroidUiautomator2Driver@8098][0m Responding to client with driver.clear() result: null
[38;5;206m[f95a4cff][0m[38;5;86m[HTTP][0m [37m<-- POST /session/f95a4cff-9a1c-462f-ac92-6bba735e95a1/element/00000000-0000-037b-0000-002000000003/clear [39m[32m200[39m [90m50 ms - 14[39m [90m[39m
[38;5;206m[f95a4cff][0m[38;5;86m[HTTP][0m [37m-->[39m [37mPOST[39m [37m/session/f95a4cff-9a1c-462f-ac92-6bba735e95a1/element/00000000-0000-037b-0000-002000000003/value[39m [90m{"text":"12/25"}[39m
[38;5;206m[f95a4cff][0m[38;5;-74m[AndroidUiautomator2Driver@8098][0m Calling AppiumDriver.setValue() with args: ["12/25","00000000-0000-037b-0000-002000000003","f95a4cff-9a1c-462f-ac92-6bba735e95a1"]
[38;5;206m[f95a4cff][0m[38;5;-74m[AndroidUiautomator2Driver@8098][0m Matched '/element/00000000-0000-037b-0000-002000000003/value' to command name 'setValue'
[38;5;206m[f95a4cff][0m[38;5;-74m[AndroidUiautomator2Driver@8098][0m Added 'value' property ["1","2","/","2","5"] to 'setValue' request body
[38;5;206m[f95a4cff][0m[38;5;-74m[AndroidUiautomator2Driver@8098][0m Proxying [POST /element/00000000-0000-037b-0000-002000000003/value] to [POST http://127.0.0.1:8200/session/7cd6404a-9094-45cd-9054-0d9fb63bc77b/element/00000000-0000-037b-0000-002000000003/value] with body: {"elementId":"00000000-0000-037b-0000-002000000003","text":"12/25","replace":false,"value":["1","2","/","2","5"]}
[38;5;206m[f95a4cff][0m[38;5;-74m[AndroidUiautomator2Driver@8098][0m Got response with status 200: {"sessionId":"7cd6404a-9094-45cd-9054-0d9fb63bc77b","value":null}
[38;5;206m[f95a4cff][0m[38;5;-74m[AndroidUiautomator2Driver@8098][0m Responding to client with driver.setValue() result: null
[38;5;206m[f95a4cff][0m[38;5;86m[HTTP][0m [37m<-- POST /session/f95a4cff-9a1c-462f-ac92-6bba735e95a1/element/00000000-0000-037b-0000-002000000003/value [39m[32m200[39m [90m67 ms - 14[39m [90m[39m
[38;5;206m[f95a4cff][0m[38;5;86m[HTTP][0m [37m-->[39m [37mPOST[39m [37m/session/f95a4cff-9a1c-462f-ac92-6bba735e95a1/element[39m [90m{"using":"xpath","value":"//android.widget.EditText[@hint='CVV']"}[39m
[38;5;206m[f95a4cff][0m[38;5;-74m[AndroidUiautomator2Driver@8098][0m Calling AppiumDriver.findElement() with args: ["xpath","//android.widget.EditText[@hint='CVV']","f95a4cff-9a1c-462f-ac92-6bba735e95a1"]
[38;5;206m[f95a4cff][0m[38;5;-74m[AndroidUiautomator2Driver@8098][0m Valid locator strategies for this request: xpath, id, class name, accessibility id, css selector, -android uiautomator
[38;5;206m[f95a4cff][0m[38;5;-74m[AndroidUiautomator2Driver@8098][0m Waiting up to 0 ms for condition
[38;5;206m[f95a4cff][0m[38;5;-74m[AndroidUiautomator2Driver@8098][0m Matched '/element' to command name 'findElement'
[38;5;206m[f95a4cff][0m[38;5;-74m[AndroidUiautomator2Driver@8098][0m Proxying [POST /element] to [POST http://127.0.0.1:8200/session/7cd6404a-9094-45cd-9054-0d9fb63bc77b/element] with body: {"strategy":"xpath","selector":"//android.widget.EditText[@hint='CVV']","context":"","multiple":false}
[38;5;206m[f95a4cff][0m[38;5;-74m[AndroidUiautomator2Driver@8098][0m Got response with status 200: {"sessionId":"7cd6404a-9094-45cd-9054-0d9fb63bc77b","value":{"ELEMENT":"00000000-0000-037b-0000-002100000003","element-6066-11e4-a52e-4f735466cecf":"00000000-0000-037b-0000-002100000003"}}
[38;5;206m[f95a4cff][0m[38;5;-74m[AndroidUiautomator2Driver@8098][0m Responding to client with driver.findElement() result: {"element-6066-11e4-a52e-4f735466cecf":"00000000-0000-037b-0000-002100000003","ELEMENT":"00000000-0000-037b-0000-002100000003"}
[38;5;206m[f95a4cff][0m[38;5;86m[HTTP][0m [37m<-- POST /session/f95a4cff-9a1c-462f-ac92-6bba735e95a1/element [39m[32m200[39m [90m771 ms - 137[39m [90m[39m
[38;5;206m[f95a4cff][0m[38;5;86m[HTTP][0m [37m-->[39m [37mPOST[39m [37m/session/f95a4cff-9a1c-462f-ac92-6bba735e95a1/element/00000000-0000-037b-0000-002100000003/click[39m [90m{}[39m
[38;5;206m[f95a4cff][0m[38;5;-74m[AndroidUiautomator2Driver@8098][0m Calling AppiumDriver.click() with args: ["00000000-0000-037b-0000-002100000003","f95a4cff-9a1c-462f-ac92-6bba735e95a1"]
[38;5;206m[f95a4cff][0m[38;5;-74m[AndroidUiautomator2Driver@8098][0m Matched '/element/00000000-0000-037b-0000-002100000003/click' to command name 'click'
[38;5;206m[f95a4cff][0m[38;5;-74m[AndroidUiautomator2Driver@8098][0m Proxying [POST /element/00000000-0000-037b-0000-002100000003/click] to [POST http://127.0.0.1:8200/session/7cd6404a-9094-45cd-9054-0d9fb63bc77b/element/00000000-0000-037b-0000-002100000003/click] with body: {"element":"00000000-0000-037b-0000-002100000003"}
[38;5;206m[f95a4cff][0m[38;5;-74m[AndroidUiautomator2Driver@8098][0m Got response with status 200: {"sessionId":"7cd6404a-9094-45cd-9054-0d9fb63bc77b","value":null}
[38;5;206m[f95a4cff][0m[38;5;-74m[AndroidUiautomator2Driver@8098][0m Responding to client with driver.click() result: null
[38;5;206m[f95a4cff][0m[38;5;86m[HTTP][0m [37m<-- POST /session/f95a4cff-9a1c-462f-ac92-6bba735e95a1/element/00000000-0000-037b-0000-002100000003/click [39m[32m200[39m [90m795 ms - 14[39m [90m[39m
[38;5;206m[f95a4cff][0m[38;5;86m[HTTP][0m [37m-->[39m [37mPOST[39m [37m/session/f95a4cff-9a1c-462f-ac92-6bba735e95a1/element[39m [90m{"using":"xpath","value":"//android.widget.EditText[@hint='CVV']"}[39m
[38;5;206m[f95a4cff][0m[38;5;-74m[AndroidUiautomator2Driver@8098][0m Calling AppiumDriver.findElement() with args: ["xpath","//android.widget.EditText[@hint='CVV']","f95a4cff-9a1c-462f-ac92-6bba735e95a1"]
[38;5;206m[f95a4cff][0m[38;5;-74m[AndroidUiautomator2Driver@8098][0m Valid locator strategies for this request: xpath, id, class name, accessibility id, css selector, -android uiautomator
[38;5;206m[f95a4cff][0m[38;5;-74m[AndroidUiautomator2Driver@8098][0m Waiting up to 0 ms for condition
[38;5;206m[f95a4cff][0m[38;5;-74m[AndroidUiautomator2Driver@8098][0m Matched '/element' to command name 'findElement'
[38;5;206m[f95a4cff][0m[38;5;-74m[AndroidUiautomator2Driver@8098][0m Proxying [POST /element] to [POST http://127.0.0.1:8200/session/7cd6404a-9094-45cd-9054-0d9fb63bc77b/element] with body: {"strategy":"xpath","selector":"//android.widget.EditText[@hint='CVV']","context":"","multiple":false}
[38;5;206m[f95a4cff][0m[38;5;-74m[AndroidUiautomator2Driver@8098][0m Got response with status 200: {"sessionId":"7cd6404a-9094-45cd-9054-0d9fb63bc77b","value":{"ELEMENT":"00000000-0000-037b-0000-002100000003","element-6066-11e4-a52e-4f735466cecf":"00000000-0000-037b-0000-002100000003"}}
[38;5;206m[f95a4cff][0m[38;5;-74m[AndroidUiautomator2Driver@8098][0m Responding to client with driver.findElement() result: {"element-6066-11e4-a52e-4f735466cecf":"00000000-0000-037b-0000-002100000003","ELEMENT":"00000000-0000-037b-0000-002100000003"}
[38;5;206m[f95a4cff][0m[38;5;86m[HTTP][0m [37m<-- POST /session/f95a4cff-9a1c-462f-ac92-6bba735e95a1/element [39m[32m200[39m [90m310 ms - 137[39m [90m[39m
[38;5;206m[f95a4cff][0m[38;5;86m[HTTP][0m [37m-->[39m [37mPOST[39m [37m/session/f95a4cff-9a1c-462f-ac92-6bba735e95a1/element/00000000-0000-037b-0000-002100000003/clear[39m [90m{}[39m
[38;5;206m[f95a4cff][0m[38;5;-74m[AndroidUiautomator2Driver@8098][0m Calling AppiumDriver.clear() with args: ["00000000-0000-037b-0000-002100000003","f95a4cff-9a1c-462f-ac92-6bba735e95a1"]
[38;5;206m[f95a4cff][0m[38;5;-74m[AndroidUiautomator2Driver@8098][0m Matched '/element/00000000-0000-037b-0000-002100000003/clear' to command name 'clear'
[38;5;206m[f95a4cff][0m[38;5;-74m[AndroidUiautomator2Driver@8098][0m Proxying [POST /element/00000000-0000-037b-0000-002100000003/clear] to [POST http://127.0.0.1:8200/session/7cd6404a-9094-45cd-9054-0d9fb63bc77b/element/00000000-0000-037b-0000-002100000003/clear] with body: {"elementId":"00000000-0000-037b-0000-002100000003"}
[38;5;206m[f95a4cff][0m[38;5;-74m[AndroidUiautomator2Driver@8098][0m Got response with status 200: {"sessionId":"7cd6404a-9094-45cd-9054-0d9fb63bc77b","value":null}
[38;5;206m[f95a4cff][0m[38;5;-74m[AndroidUiautomator2Driver@8098][0m Responding to client with driver.clear() result: null
[38;5;206m[f95a4cff][0m[38;5;86m[HTTP][0m [37m<-- POST /session/f95a4cff-9a1c-462f-ac92-6bba735e95a1/element/00000000-0000-037b-0000-002100000003/clear [39m[32m200[39m [90m56 ms - 14[39m [90m[39m
[38;5;206m[f95a4cff][0m[38;5;86m[HTTP][0m [37m-->[39m [37mPOST[39m [37m/session/f95a4cff-9a1c-462f-ac92-6bba735e95a1/element/00000000-0000-037b-0000-002100000003/value[39m [90m{"text":"456"}[39m
[38;5;206m[f95a4cff][0m[38;5;-74m[AndroidUiautomator2Driver@8098][0m Calling AppiumDriver.setValue() with args: ["456","00000000-0000-037b-0000-002100000003","f95a4cff-9a1c-462f-ac92-6bba735e95a1"]
[38;5;206m[f95a4cff][0m[38;5;-74m[AndroidUiautomator2Driver@8098][0m Matched '/element/00000000-0000-037b-0000-002100000003/value' to command name 'setValue'
[38;5;206m[f95a4cff][0m[38;5;-74m[AndroidUiautomator2Driver@8098][0m Added 'value' property ["4","5","6"] to 'setValue' request body
[38;5;206m[f95a4cff][0m[38;5;-74m[AndroidUiautomator2Driver@8098][0m Proxying [POST /element/00000000-0000-037b-0000-002100000003/value] to [POST http://127.0.0.1:8200/session/7cd6404a-9094-45cd-9054-0d9fb63bc77b/element/00000000-0000-037b-0000-002100000003/value] with body: {"elementId":"00000000-0000-037b-0000-002100000003","text":"456","replace":false,"value":["4","5","6"]}
[38;5;206m[f95a4cff][0m[38;5;-74m[AndroidUiautomator2Driver@8098][0m Got response with status 200: {"sessionId":"7cd6404a-9094-45cd-9054-0d9fb63bc77b","value":null}
[38;5;206m[f95a4cff][0m[38;5;-74m[AndroidUiautomator2Driver@8098][0m Responding to client with driver.setValue() result: null
[38;5;206m[f95a4cff][0m[38;5;86m[HTTP][0m [37m<-- POST /session/f95a4cff-9a1c-462f-ac92-6bba735e95a1/element/00000000-0000-037b-0000-002100000003/value [39m[32m200[39m [90m67 ms - 14[39m [90m[39m
[38;5;206m[f95a4cff][0m[38;5;86m[HTTP][0m [37m-->[39m [37mPOST[39m [37m/session/f95a4cff-9a1c-462f-ac92-6bba735e95a1/element[39m [90m{"using":"xpath","value":"//android.widget.EditText[@hint='Cardholder Name']"}[39m
[38;5;206m[f95a4cff][0m[38;5;-74m[AndroidUiautomator2Driver@8098][0m Calling AppiumDriver.findElement() with args: ["xpath","//android.widget.EditText[@hint='Cardholder Name']","f95a4cff-9a1c-462f-ac92-6bba735e95a1"]
[38;5;206m[f95a4cff][0m[38;5;-74m[AndroidUiautomator2Driver@8098][0m Valid locator strategies for this request: xpath, id, class name, accessibility id, css selector, -android uiautomator
[38;5;206m[f95a4cff][0m[38;5;-74m[AndroidUiautomator2Driver@8098][0m Waiting up to 0 ms for condition
[38;5;206m[f95a4cff][0m[38;5;-74m[AndroidUiautomator2Driver@8098][0m Matched '/element' to command name 'findElement'
[38;5;206m[f95a4cff][0m[38;5;-74m[AndroidUiautomator2Driver@8098][0m Proxying [POST /element] to [POST http://127.0.0.1:8200/session/7cd6404a-9094-45cd-9054-0d9fb63bc77b/element] with body: {"strategy":"xpath","selector":"//android.widget.EditText[@hint='Cardholder Name']","context":"","multiple":false}
[38;5;206m[f95a4cff][0m[38;5;-74m[AndroidUiautomator2Driver@8098][0m Got response with status 200: {"sessionId":"7cd6404a-9094-45cd-9054-0d9fb63bc77b","value":{"ELEMENT":"00000000-0000-037b-0000-002200000003","element-6066-11e4-a52e-4f735466cecf":"00000000-0000-037b-0000-002200000003"}}
[38;5;206m[f95a4cff][0m[38;5;-74m[AndroidUiautomator2Driver@8098][0m Responding to client with driver.findElement() result: {"element-6066-11e4-a52e-4f735466cecf":"00000000-0000-037b-0000-002200000003","ELEMENT":"00000000-0000-037b-0000-002200000003"}
[38;5;206m[f95a4cff][0m[38;5;86m[HTTP][0m [37m<-- POST /session/f95a4cff-9a1c-462f-ac92-6bba735e95a1/element [39m[32m200[39m [90m791 ms - 137[39m [90m[39m
[38;5;206m[f95a4cff][0m[38;5;86m[HTTP][0m [37m-->[39m [37mPOST[39m [37m/session/f95a4cff-9a1c-462f-ac92-6bba735e95a1/element/00000000-0000-037b-0000-002200000003/click[39m [90m{}[39m
[38;5;206m[f95a4cff][0m[38;5;-74m[AndroidUiautomator2Driver@8098][0m Calling AppiumDriver.click() with args: ["00000000-0000-037b-0000-002200000003","f95a4cff-9a1c-462f-ac92-6bba735e95a1"]
[38;5;206m[f95a4cff][0m[38;5;-74m[AndroidUiautomator2Driver@8098][0m Matched '/element/00000000-0000-037b-0000-002200000003/click' to command name 'click'
[38;5;206m[f95a4cff][0m[38;5;-74m[AndroidUiautomator2Driver@8098][0m Proxying [POST /element/00000000-0000-037b-0000-002200000003/click] to [POST http://127.0.0.1:8200/session/7cd6404a-9094-45cd-9054-0d9fb63bc77b/element/00000000-0000-037b-0000-002200000003/click] with body: {"element":"00000000-0000-037b-0000-002200000003"}
[38;5;206m[f95a4cff][0m[38;5;-74m[AndroidUiautomator2Driver@8098][0m Got response with status 200: {"sessionId":"7cd6404a-9094-45cd-9054-0d9fb63bc77b","value":null}
[38;5;206m[f95a4cff][0m[38;5;-74m[AndroidUiautomator2Driver@8098][0m Responding to client with driver.click() result: null
[38;5;206m[f95a4cff][0m[38;5;86m[HTTP][0m [37m<-- POST /session/f95a4cff-9a1c-462f-ac92-6bba735e95a1/element/00000000-0000-037b-0000-002200000003/click [39m[32m200[39m [90m78 ms - 14[39m [90m[39m
[38;5;206m[f95a4cff][0m[38;5;86m[HTTP][0m [37m-->[39m [37mPOST[39m [37m/session/f95a4cff-9a1c-462f-ac92-6bba735e95a1/element[39m [90m{"using":"xpath","value":"//android.widget.EditText[@hint='Cardholder Name']"}[39m
[38;5;206m[f95a4cff][0m[38;5;-74m[AndroidUiautomator2Driver@8098][0m Calling AppiumDriver.findElement() with args: ["xpath","//android.widget.EditText[@hint='Cardholder Name']","f95a4cff-9a1c-462f-ac92-6bba735e95a1"]
[38;5;206m[f95a4cff][0m[38;5;-74m[AndroidUiautomator2Driver@8098][0m Valid locator strategies for this request: xpath, id, class name, accessibility id, css selector, -android uiautomator
[38;5;206m[f95a4cff][0m[38;5;-74m[AndroidUiautomator2Driver@8098][0m Waiting up to 0 ms for condition
[38;5;206m[f95a4cff][0m[38;5;-74m[AndroidUiautomator2Driver@8098][0m Matched '/element' to command name 'findElement'
[38;5;206m[f95a4cff][0m[38;5;-74m[AndroidUiautomator2Driver@8098][0m Proxying [POST /element] to [POST http://127.0.0.1:8200/session/7cd6404a-9094-45cd-9054-0d9fb63bc77b/element] with body: {"strategy":"xpath","selector":"//android.widget.EditText[@hint='Cardholder Name']","context":"","multiple":false}
[38;5;206m[f95a4cff][0m[38;5;-74m[AndroidUiautomator2Driver@8098][0m Got response with status 200: {"sessionId":"7cd6404a-9094-45cd-9054-0d9fb63bc77b","value":{"ELEMENT":"00000000-0000-037b-0000-002200000003","element-6066-11e4-a52e-4f735466cecf":"00000000-0000-037b-0000-002200000003"}}
[38;5;206m[f95a4cff][0m[38;5;-74m[AndroidUiautomator2Driver@8098][0m Responding to client with driver.findElement() result: {"element-6066-11e4-a52e-4f735466cecf":"00000000-0000-037b-0000-002200000003","ELEMENT":"00000000-0000-037b-0000-002200000003"}
[38;5;206m[f95a4cff][0m[38;5;86m[HTTP][0m [37m<-- POST /session/f95a4cff-9a1c-462f-ac92-6bba735e95a1/element [39m[32m200[39m [90m947 ms - 137[39m [90m[39m
[38;5;206m[f95a4cff][0m[38;5;86m[HTTP][0m [37m-->[39m [37mPOST[39m [37m/session/f95a4cff-9a1c-462f-ac92-6bba735e95a1/element/00000000-0000-037b-0000-002200000003/clear[39m [90m{}[39m
[38;5;206m[f95a4cff][0m[38;5;-74m[AndroidUiautomator2Driver@8098][0m Calling AppiumDriver.clear() with args: ["00000000-0000-037b-0000-002200000003","f95a4cff-9a1c-462f-ac92-6bba735e95a1"]
[38;5;206m[f95a4cff][0m[38;5;-74m[AndroidUiautomator2Driver@8098][0m Matched '/element/00000000-0000-037b-0000-002200000003/clear' to command name 'clear'
[38;5;206m[f95a4cff][0m[38;5;-74m[AndroidUiautomator2Driver@8098][0m Proxying [POST /element/00000000-0000-037b-0000-002200000003/clear] to [POST http://127.0.0.1:8200/session/7cd6404a-9094-45cd-9054-0d9fb63bc77b/element/00000000-0000-037b-0000-002200000003/clear] with body: {"elementId":"00000000-0000-037b-0000-002200000003"}
[38;5;206m[f95a4cff][0m[38;5;-74m[AndroidUiautomator2Driver@8098][0m Got response with status 200: {"sessionId":"7cd6404a-9094-45cd-9054-0d9fb63bc77b","value":null}
[38;5;206m[f95a4cff][0m[38;5;-74m[AndroidUiautomator2Driver@8098][0m Responding to client with driver.clear() result: null
[38;5;206m[f95a4cff][0m[38;5;86m[HTTP][0m [37m<-- POST /session/f95a4cff-9a1c-462f-ac92-6bba735e95a1/element/00000000-0000-037b-0000-002200000003/clear [39m[32m200[39m [90m54 ms - 14[39m [90m[39m
[38;5;206m[f95a4cff][0m[38;5;86m[HTTP][0m [37m-->[39m [37mPOST[39m [37m/session/f95a4cff-9a1c-462f-ac92-6bba735e95a1/element/00000000-0000-037b-0000-002200000003/value[39m [90m{"text":"Darshan"}[39m
[38;5;206m[f95a4cff][0m[38;5;-74m[AndroidUiautomator2Driver@8098][0m Calling AppiumDriver.setValue() with args: ["Darshan","00000000-0000-037b-0000-002200000003","f95a4cff-9a1c-462f-ac92-6bba735e95a1"]
[38;5;206m[f95a4cff][0m[38;5;-74m[AndroidUiautomator2Driver@8098][0m Matched '/element/00000000-0000-037b-0000-002200000003/value' to command name 'setValue'
[38;5;206m[f95a4cff][0m[38;5;-74m[AndroidUiautomator2Driver@8098][0m Added 'value' property ["D","a","r","s","h","a","n"] to 'setValue' request body
[38;5;206m[f95a4cff][0m[38;5;-74m[AndroidUiautomator2Driver@8098][0m Proxying [POST /element/00000000-0000-037b-0000-002200000003/value] to [POST http://127.0.0.1:8200/session/7cd6404a-9094-45cd-9054-0d9fb63bc77b/element/00000000-0000-037b-0000-002200000003/value] with body: {"elementId":"00000000-0000-037b-0000-002200000003","text":"Darshan","replace":false,"value":["D","a","r","s","h","a","n"]}
[38;5;206m[f95a4cff][0m[38;5;-74m[AndroidUiautomator2Driver@8098][0m Got response with status 200: {"sessionId":"7cd6404a-9094-45cd-9054-0d9fb63bc77b","value":null}
[38;5;206m[f95a4cff][0m[38;5;-74m[AndroidUiautomator2Driver@8098][0m Responding to client with driver.setValue() result: null
[38;5;206m[f95a4cff][0m[38;5;86m[HTTP][0m [37m<-- POST /session/f95a4cff-9a1c-462f-ac92-6bba735e95a1/element/00000000-0000-037b-0000-002200000003/value [39m[32m200[39m [90m77 ms - 14[39m [90m[39m
[38;5;206m[f95a4cff][0m[38;5;86m[HTTP][0m [37m-->[39m [37mPOST[39m [37m/session/f95a4cff-9a1c-462f-ac92-6bba735e95a1/element[39m [90m{"using":"xpath","value":"//android.widget.Button[@content-desc='Pay Now']"}[39m
[38;5;206m[f95a4cff][0m[38;5;-74m[AndroidUiautomator2Driver@8098][0m Calling AppiumDriver.findElement() with args: ["xpath","//android.widget.Button[@content-desc='Pay Now']","f95a4cff-9a1c-462f-ac92-6bba735e95a1"]
[38;5;206m[f95a4cff][0m[38;5;-74m[AndroidUiautomator2Driver@8098][0m Valid locator strategies for this request: xpath, id, class name, accessibility id, css selector, -android uiautomator
[38;5;206m[f95a4cff][0m[38;5;-74m[AndroidUiautomator2Driver@8098][0m Waiting up to 0 ms for condition
[38;5;206m[f95a4cff][0m[38;5;-74m[AndroidUiautomator2Driver@8098][0m Matched '/element' to command name 'findElement'
[38;5;206m[f95a4cff][0m[38;5;-74m[AndroidUiautomator2Driver@8098][0m Proxying [POST /element] to [POST http://127.0.0.1:8200/session/7cd6404a-9094-45cd-9054-0d9fb63bc77b/element] with body: {"strategy":"xpath","selector":"//android.widget.Button[@content-desc='Pay Now']","context":"","multiple":false}
[38;5;206m[f95a4cff][0m[38;5;-74m[AndroidUiautomator2Driver@8098][0m Got response with status 200: {"sessionId":"7cd6404a-9094-45cd-9054-0d9fb63bc77b","value":{"ELEMENT":"00000000-0000-037b-0000-002300000003","element-6066-11e4-a52e-4f735466cecf":"00000000-0000-037b-0000-002300000003"}}
[38;5;206m[f95a4cff][0m[38;5;-74m[AndroidUiautomator2Driver@8098][0m Responding to client with driver.findElement() result: {"element-6066-11e4-a52e-4f735466cecf":"00000000-0000-037b-0000-002300000003","ELEMENT":"00000000-0000-037b-0000-002300000003"}
[38;5;206m[f95a4cff][0m[38;5;86m[HTTP][0m [37m<-- POST /session/f95a4cff-9a1c-462f-ac92-6bba735e95a1/element [39m[32m200[39m [90m792 ms - 137[39m [90m[39m
[38;5;206m[f95a4cff][0m[38;5;86m[HTTP][0m [37m-->[39m [37mPOST[39m [37m/session/f95a4cff-9a1c-462f-ac92-6bba735e95a1/element/00000000-0000-037b-0000-002300000003/click[39m [90m{}[39m
[38;5;206m[f95a4cff][0m[38;5;-74m[AndroidUiautomator2Driver@8098][0m Calling AppiumDriver.click() with args: ["00000000-0000-037b-0000-002300000003","f95a4cff-9a1c-462f-ac92-6bba735e95a1"]
[38;5;206m[f95a4cff][0m[38;5;-74m[AndroidUiautomator2Driver@8098][0m Matched '/element/00000000-0000-037b-0000-002300000003/click' to command name 'click'
[38;5;206m[f95a4cff][0m[38;5;-74m[AndroidUiautomator2Driver@8098][0m Proxying [POST /element/00000000-0000-037b-0000-002300000003/click] to [POST http://127.0.0.1:8200/session/7cd6404a-9094-45cd-9054-0d9fb63bc77b/element/00000000-0000-037b-0000-002300000003/click] with body: {"element":"00000000-0000-037b-0000-002300000003"}
[38;5;206m[f95a4cff][0m[38;5;-74m[AndroidUiautomator2Driver@8098][0m Got response with status 200: {"sessionId":"7cd6404a-9094-45cd-9054-0d9fb63bc77b","value":null}
[38;5;206m[f95a4cff][0m[38;5;-74m[AndroidUiautomator2Driver@8098][0m Responding to client with driver.click() result: null
[38;5;206m[f95a4cff][0m[38;5;86m[HTTP][0m [37m<-- POST /session/f95a4cff-9a1c-462f-ac92-6bba735e95a1/element/00000000-0000-037b-0000-002300000003/click [39m[32m200[39m [90m998 ms - 14[39m [90m[39m
[38;5;206m[f95a4cff][0m[38;5;86m[HTTP][0m [37m-->[39m [37mPOST[39m [37m/session/f95a4cff-9a1c-462f-ac92-6bba735e95a1/element[39m [90m{"using":"xpath","value":"//android.widget.EditText[@hint='OTP']"}[39m
[38;5;206m[f95a4cff][0m[38;5;-74m[AndroidUiautomator2Driver@8098][0m Calling AppiumDriver.findElement() with args: ["xpath","//android.widget.EditText[@hint='OTP']","f95a4cff-9a1c-462f-ac92-6bba735e95a1"]
[38;5;206m[f95a4cff][0m[38;5;-74m[AndroidUiautomator2Driver@8098][0m Valid locator strategies for this request: xpath, id, class name, accessibility id, css selector, -android uiautomator
[38;5;206m[f95a4cff][0m[38;5;-74m[AndroidUiautomator2Driver@8098][0m Waiting up to 0 ms for condition
[38;5;206m[f95a4cff][0m[38;5;-74m[AndroidUiautomator2Driver@8098][0m Matched '/element' to command name 'findElement'
[38;5;206m[f95a4cff][0m[38;5;-74m[AndroidUiautomator2Driver@8098][0m Proxying [POST /element] to [POST http://127.0.0.1:8200/session/7cd6404a-9094-45cd-9054-0d9fb63bc77b/element] with body: {"strategy":"xpath","selector":"//android.widget.EditText[@hint='OTP']","context":"","multiple":false}
[38;5;206m[f95a4cff][0m[38;5;-74m[AndroidUiautomator2Driver@8098][0m Got response with status 200: {"sessionId":"7cd6404a-9094-45cd-9054-0d9fb63bc77b","value":{"ELEMENT":"00000000-0000-037b-0000-002b00000003","element-6066-11e4-a52e-4f735466cecf":"00000000-0000-037b-0000-002b00000003"}}
[38;5;206m[f95a4cff][0m[38;5;-74m[AndroidUiautomator2Driver@8098][0m Responding to client with driver.findElement() result: {"element-6066-11e4-a52e-4f735466cecf":"00000000-0000-037b-0000-002b00000003","ELEMENT":"00000000-0000-037b-0000-002b00000003"}
[38;5;206m[f95a4cff][0m[38;5;86m[HTTP][0m [37m<-- POST /session/f95a4cff-9a1c-462f-ac92-6bba735e95a1/element [39m[32m200[39m [90m297 ms - 137[39m [90m[39m
[38;5;206m[f95a4cff][0m[38;5;86m[HTTP][0m [37m-->[39m [37mPOST[39m [37m/session/f95a4cff-9a1c-462f-ac92-6bba735e95a1/element/00000000-0000-037b-0000-002b00000003/click[39m [90m{}[39m
[38;5;206m[f95a4cff][0m[38;5;-74m[AndroidUiautomator2Driver@8098][0m Calling AppiumDriver.click() with args: ["00000000-0000-037b-0000-002b00000003","f95a4cff-9a1c-462f-ac92-6bba735e95a1"]
[38;5;206m[f95a4cff][0m[38;5;-74m[AndroidUiautomator2Driver@8098][0m Matched '/element/00000000-0000-037b-0000-002b00000003/click' to command name 'click'
[38;5;206m[f95a4cff][0m[38;5;-74m[AndroidUiautomator2Driver@8098][0m Proxying [POST /element/00000000-0000-037b-0000-002b00000003/click] to [POST http://127.0.0.1:8200/session/7cd6404a-9094-45cd-9054-0d9fb63bc77b/element/00000000-0000-037b-0000-002b00000003/click] with body: {"element":"00000000-0000-037b-0000-002b00000003"}
[38;5;206m[f95a4cff][0m[38;5;-74m[AndroidUiautomator2Driver@8098][0m Got response with status 200: {"sessionId":"7cd6404a-9094-45cd-9054-0d9fb63bc77b","value":null}
[38;5;206m[f95a4cff][0m[38;5;-74m[AndroidUiautomator2Driver@8098][0m Responding to client with driver.click() result: null
[38;5;206m[f95a4cff][0m[38;5;86m[HTTP][0m [37m<-- POST /session/f95a4cff-9a1c-462f-ac92-6bba735e95a1/element/00000000-0000-037b-0000-002b00000003/click [39m[32m200[39m [90m75 ms - 14[39m [90m[39m
[38;5;206m[f95a4cff][0m[38;5;86m[HTTP][0m [37m-->[39m [37mPOST[39m [37m/session/f95a4cff-9a1c-462f-ac92-6bba735e95a1/element[39m [90m{"using":"xpath","value":"//android.widget.EditText[@hint='OTP']"}[39m
[38;5;206m[f95a4cff][0m[38;5;-74m[AndroidUiautomator2Driver@8098][0m Calling AppiumDriver.findElement() with args: ["xpath","//android.widget.EditText[@hint='OTP']","f95a4cff-9a1c-462f-ac92-6bba735e95a1"]
[38;5;206m[f95a4cff][0m[38;5;-74m[AndroidUiautomator2Driver@8098][0m Valid locator strategies for this request: xpath, id, class name, accessibility id, css selector, -android uiautomator
[38;5;206m[f95a4cff][0m[38;5;-74m[AndroidUiautomator2Driver@8098][0m Waiting up to 0 ms for condition
[38;5;206m[f95a4cff][0m[38;5;-74m[AndroidUiautomator2Driver@8098][0m Matched '/element' to command name 'findElement'
[38;5;206m[f95a4cff][0m[38;5;-74m[AndroidUiautomator2Driver@8098][0m Proxying [POST /element] to [POST http://127.0.0.1:8200/session/7cd6404a-9094-45cd-9054-0d9fb63bc77b/element] with body: {"strategy":"xpath","selector":"//android.widget.EditText[@hint='OTP']","context":"","multiple":false}
[38;5;206m[f95a4cff][0m[38;5;-74m[AndroidUiautomator2Driver@8098][0m Got response with status 200: {"sessionId":"7cd6404a-9094-45cd-9054-0d9fb63bc77b","value":{"ELEMENT":"00000000-0000-037b-0000-002b00000003","element-6066-11e4-a52e-4f735466cecf":"00000000-0000-037b-0000-002b00000003"}}
[38;5;206m[f95a4cff][0m[38;5;-74m[AndroidUiautomator2Driver@8098][0m Responding to client with driver.findElement() result: {"element-6066-11e4-a52e-4f735466cecf":"00000000-0000-037b-0000-002b00000003","ELEMENT":"00000000-0000-037b-0000-002b00000003"}
[38;5;206m[f95a4cff][0m[38;5;86m[HTTP][0m [37m<-- POST /session/f95a4cff-9a1c-462f-ac92-6bba735e95a1/element [39m[32m200[39m [90m1339 ms - 137[39m [90m[39m
[38;5;206m[f95a4cff][0m[38;5;86m[HTTP][0m [37m-->[39m [37mPOST[39m [37m/session/f95a4cff-9a1c-462f-ac92-6bba735e95a1/element/00000000-0000-037b-0000-002b00000003/clear[39m [90m{}[39m
[38;5;206m[f95a4cff][0m[38;5;-74m[AndroidUiautomator2Driver@8098][0m Calling AppiumDriver.clear() with args: ["00000000-0000-037b-0000-002b00000003","f95a4cff-9a1c-462f-ac92-6bba735e95a1"]
[38;5;206m[f95a4cff][0m[38;5;-74m[AndroidUiautomator2Driver@8098][0m Matched '/element/00000000-0000-037b-0000-002b00000003/clear' to command name 'clear'
[38;5;206m[f95a4cff][0m[38;5;-74m[AndroidUiautomator2Driver@8098][0m Proxying [POST /element/00000000-0000-037b-0000-002b00000003/clear] to [POST http://127.0.0.1:8200/session/7cd6404a-9094-45cd-9054-0d9fb63bc77b/element/00000000-0000-037b-0000-002b00000003/clear] with body: {"elementId":"00000000-0000-037b-0000-002b00000003"}
[38;5;206m[f95a4cff][0m[38;5;-74m[AndroidUiautomator2Driver@8098][0m Got response with status 200: {"sessionId":"7cd6404a-9094-45cd-9054-0d9fb63bc77b","value":null}
[38;5;206m[f95a4cff][0m[38;5;-74m[AndroidUiautomator2Driver@8098][0m Responding to client with driver.clear() result: null
[38;5;206m[f95a4cff][0m[38;5;86m[HTTP][0m [37m<-- POST /session/f95a4cff-9a1c-462f-ac92-6bba735e95a1/element/00000000-0000-037b-0000-002b00000003/clear [39m[32m200[39m [90m45 ms - 14[39m [90m[39m
[38;5;206m[f95a4cff][0m[38;5;86m[HTTP][0m [37m-->[39m [37mPOST[39m [37m/session/f95a4cff-9a1c-462f-ac92-6bba735e95a1/element/00000000-0000-037b-0000-002b00000003/value[39m [90m{"text":"1234"}[39m
[38;5;206m[f95a4cff][0m[38;5;-74m[AndroidUiautomator2Driver@8098][0m Calling AppiumDriver.setValue() with args: ["1234","00000000-0000-037b-0000-002b00000003","f95a4cff-9a1c-462f-ac92-6bba735e95a1"]
[38;5;206m[f95a4cff][0m[38;5;-74m[AndroidUiautomator2Driver@8098][0m Matched '/element/00000000-0000-037b-0000-002b00000003/value' to command name 'setValue'
[38;5;206m[f95a4cff][0m[38;5;-74m[AndroidUiautomator2Driver@8098][0m Added 'value' property ["1","2","3","4"] to 'setValue' request body
[38;5;206m[f95a4cff][0m[38;5;-74m[AndroidUiautomator2Driver@8098][0m Proxying [POST /element/00000000-0000-037b-0000-002b00000003/value] to [POST http://127.0.0.1:8200/session/7cd6404a-9094-45cd-9054-0d9fb63bc77b/element/00000000-0000-037b-0000-002b00000003/value] with body: {"elementId":"00000000-0000-037b-0000-002b00000003","text":"1234","replace":false,"value":["1","2","3","4"]}
[38;5;206m[f95a4cff][0m[38;5;-74m[AndroidUiautomator2Driver@8098][0m Got response with status 200: {"sessionId":"7cd6404a-9094-45cd-9054-0d9fb63bc77b","value":null}
[38;5;206m[f95a4cff][0m[38;5;-74m[AndroidUiautomator2Driver@8098][0m Responding to client with driver.setValue() result: null
[38;5;206m[f95a4cff][0m[38;5;86m[HTTP][0m [37m<-- POST /session/f95a4cff-9a1c-462f-ac92-6bba735e95a1/element/00000000-0000-037b-0000-002b00000003/value [39m[32m200[39m [90m57 ms - 14[39m [90m[39m
[38;5;206m[f95a4cff][0m[38;5;86m[HTTP][0m [37m-->[39m [37mPOST[39m [37m/session/f95a4cff-9a1c-462f-ac92-6bba735e95a1/element[39m [90m{"using":"xpath","value":"//android.widget.Button[@content-desc='Submit']"}[39m
[38;5;206m[f95a4cff][0m[38;5;-74m[AndroidUiautomator2Driver@8098][0m Calling AppiumDriver.findElement() with args: ["xpath","//android.widget.Button[@content-desc='Submit']","f95a4cff-9a1c-462f-ac92-6bba735e95a1"]
[38;5;206m[f95a4cff][0m[38;5;-74m[AndroidUiautomator2Driver@8098][0m Valid locator strategies for this request: xpath, id, class name, accessibility id, css selector, -android uiautomator
[38;5;206m[f95a4cff][0m[38;5;-74m[AndroidUiautomator2Driver@8098][0m Waiting up to 0 ms for condition
[38;5;206m[f95a4cff][0m[38;5;-74m[AndroidUiautomator2Driver@8098][0m Matched '/element' to command name 'findElement'
[38;5;206m[f95a4cff][0m[38;5;-74m[AndroidUiautomator2Driver@8098][0m Proxying [POST /element] to [POST http://127.0.0.1:8200/session/7cd6404a-9094-45cd-9054-0d9fb63bc77b/element] with body: {"strategy":"xpath","selector":"//android.widget.Button[@content-desc='Submit']","context":"","multiple":false}
[38;5;206m[f95a4cff][0m[38;5;-74m[AndroidUiautomator2Driver@8098][0m Got response with status 200: {"sessionId":"7cd6404a-9094-45cd-9054-0d9fb63bc77b","value":{"ELEMENT":"00000000-0000-037b-0000-002d00000003","element-6066-11e4-a52e-4f735466cecf":"00000000-0000-037b-0000-002d00000003"}}
[38;5;206m[f95a4cff][0m[38;5;-74m[AndroidUiautomator2Driver@8098][0m Responding to client with driver.findElement() result: {"element-6066-11e4-a52e-4f735466cecf":"00000000-0000-037b-0000-002d00000003","ELEMENT":"00000000-0000-037b-0000-002d00000003"}
[38;5;206m[f95a4cff][0m[38;5;86m[HTTP][0m [37m<-- POST /session/f95a4cff-9a1c-462f-ac92-6bba735e95a1/element [39m[32m200[39m [90m790 ms - 137[39m [90m[39m
[38;5;206m[f95a4cff][0m[38;5;86m[HTTP][0m [37m-->[39m [37mPOST[39m [37m/session/f95a4cff-9a1c-462f-ac92-6bba735e95a1/element/00000000-0000-037b-0000-002d00000003/click[39m [90m{}[39m
[38;5;206m[f95a4cff][0m[38;5;-74m[AndroidUiautomator2Driver@8098][0m Calling AppiumDriver.click() with args: ["00000000-0000-037b-0000-002d00000003","f95a4cff-9a1c-462f-ac92-6bba735e95a1"]
[38;5;206m[f95a4cff][0m[38;5;-74m[AndroidUiautomator2Driver@8098][0m Matched '/element/00000000-0000-037b-0000-002d00000003/click' to command name 'click'
[38;5;206m[f95a4cff][0m[38;5;-74m[AndroidUiautomator2Driver@8098][0m Proxying [POST /element/00000000-0000-037b-0000-002d00000003/click] to [POST http://127.0.0.1:8200/session/7cd6404a-9094-45cd-9054-0d9fb63bc77b/element/00000000-0000-037b-0000-002d00000003/click] with body: {"element":"00000000-0000-037b-0000-002d00000003"}
[38;5;206m[f95a4cff][0m[38;5;-74m[AndroidUiautomator2Driver@8098][0m Got response with status 200: {"sessionId":"7cd6404a-9094-45cd-9054-0d9fb63bc77b","value":null}
[38;5;206m[f95a4cff][0m[38;5;-74m[AndroidUiautomator2Driver@8098][0m Responding to client with driver.click() result: null
[38;5;206m[f95a4cff][0m[38;5;86m[HTTP][0m [37m<-- POST /session/f95a4cff-9a1c-462f-ac92-6bba735e95a1/element/00000000-0000-037b-0000-002d00000003/click [39m[32m200[39m [90m967 ms - 14[39m [90m[39m
[38;5;206m[f95a4cff][0m[38;5;86m[HTTP][0m [37m-->[39m [37mPOST[39m [37m/session/f95a4cff-9a1c-462f-ac92-6bba735e95a1/element[39m [90m{"using":"xpath","value":"//android.view.View[@content-desc='Payment Successful']"}[39m
[38;5;206m[f95a4cff][0m[38;5;-74m[AndroidUiautomator2Driver@8098][0m Calling AppiumDriver.findElement() with args: ["xpath","//android.view.View[@content-desc='Payment Successful']","f95a4cff-9a1c-462f-ac92-6bba735e95a1"]
[38;5;206m[f95a4cff][0m[38;5;-74m[AndroidUiautomator2Driver@8098][0m Valid locator strategies for this request: xpath, id, class name, accessibility id, css selector, -android uiautomator
[38;5;206m[f95a4cff][0m[38;5;-74m[AndroidUiautomator2Driver@8098][0m Waiting up to 0 ms for condition
[38;5;206m[f95a4cff][0m[38;5;-74m[AndroidUiautomator2Driver@8098][0m Matched '/element' to command name 'findElement'
[38;5;206m[f95a4cff][0m[38;5;-74m[AndroidUiautomator2Driver@8098][0m Proxying [POST /element] to [POST http://127.0.0.1:8200/session/7cd6404a-9094-45cd-9054-0d9fb63bc77b/element] with body: {"strategy":"xpath","selector":"//android.view.View[@content-desc='Payment Successful']","context":"","multiple":false}
[38;5;206m[f95a4cff][0m[38;5;-74m[AndroidUiautomator2Driver@8098][0m Got response with status 200: {"sessionId":"7cd6404a-9094-45cd-9054-0d9fb63bc77b","value":{"ELEMENT":"00000000-0000-037b-0000-003600000003","element-6066-11e4-a52e-4f735466cecf":"00000000-0000-037b-0000-003600000003"}}
[38;5;206m[f95a4cff][0m[38;5;-74m[AndroidUiautomator2Driver@8098][0m Responding to client with driver.findElement() result: {"element-6066-11e4-a52e-4f735466cecf":"00000000-0000-037b-0000-003600000003","ELEMENT":"00000000-0000-037b-0000-003600000003"}
[38;5;206m[f95a4cff][0m[38;5;86m[HTTP][0m [37m<-- POST /session/f95a4cff-9a1c-462f-ac92-6bba735e95a1/element [39m[32m200[39m [90m281 ms - 137[39m [90m[39m
[38;5;206m[f95a4cff][0m[38;5;86m[HTTP][0m [37m-->[39m [37mGET[39m [37m/session/f95a4cff-9a1c-462f-ac92-6bba735e95a1/element/00000000-0000-037b-0000-003600000003/text[39m [90m{}[39m
[38;5;206m[f95a4cff][0m[38;5;-74m[AndroidUiautomator2Driver@8098][0m Driver proxy active, passing request on via HTTP proxy
[38;5;206m[f95a4cff][0m[38;5;-74m[AndroidUiautomator2Driver@8098][0m Matched '/session/f95a4cff-9a1c-462f-ac92-6bba735e95a1/element/00000000-0000-037b-0000-003600000003/text' to command name 'getText'
[38;5;206m[f95a4cff][0m[38;5;-74m[AndroidUiautomator2Driver@8098][0m Proxying [GET /session/f95a4cff-9a1c-462f-ac92-6bba735e95a1/element/00000000-0000-037b-0000-003600000003/text] to [GET http://127.0.0.1:8200/session/7cd6404a-9094-45cd-9054-0d9fb63bc77b/element/00000000-0000-037b-0000-003600000003/text] with no body
[38;5;206m[f95a4cff][0m[38;5;-74m[AndroidUiautomator2Driver@8098][0m Got response with status 200: {"sessionId":"7cd6404a-9094-45cd-9054-0d9fb63bc77b","value":""}
[38;5;206m[f95a4cff][0m[38;5;-74m[AndroidUiautomator2Driver@8098][0m Replacing sessionId 7cd6404a-9094-45cd-9054-0d9fb63bc77b with f95a4cff-9a1c-462f-ac92-6bba735e95a1
[38;5;206m[f95a4cff][0m[38;5;86m[HTTP][0m [37m<-- GET /session/f95a4cff-9a1c-462f-ac92-6bba735e95a1/element/00000000-0000-037b-0000-003600000003/text [39m[32m200[39m [90m43 ms - 63[39m [90m[39m
[38;5;206m[f95a4cff][0m[38;5;86m[HTTP][0m [37m-->[39m [37mPOST[39m [37m/session/f95a4cff-9a1c-462f-ac92-6bba735e95a1/element[39m [90m{"using":"xpath","value":"//android.widget.Button[@content-desc='OK']"}[39m
[38;5;206m[f95a4cff][0m[38;5;-74m[AndroidUiautomator2Driver@8098][0m Calling AppiumDriver.findElement() with args: ["xpath","//android.widget.Button[@content-desc='OK']","f95a4cff-9a1c-462f-ac92-6bba735e95a1"]
[38;5;206m[f95a4cff][0m[38;5;-74m[AndroidUiautomator2Driver@8098][0m Valid locator strategies for this request: xpath, id, class name, accessibility id, css selector, -android uiautomator
[38;5;206m[f95a4cff][0m[38;5;-74m[AndroidUiautomator2Driver@8098][0m Waiting up to 0 ms for condition
[38;5;206m[f95a4cff][0m[38;5;-74m[AndroidUiautomator2Driver@8098][0m Matched '/element' to command name 'findElement'
[38;5;206m[f95a4cff][0m[38;5;-74m[AndroidUiautomator2Driver@8098][0m Proxying [POST /element] to [POST http://127.0.0.1:8200/session/7cd6404a-9094-45cd-9054-0d9fb63bc77b/element] with body: {"strategy":"xpath","selector":"//android.widget.Button[@content-desc='OK']","context":"","multiple":false}
[38;5;206m[f95a4cff][0m[38;5;-74m[AndroidUiautomator2Driver@8098][0m Got response with status 200: {"sessionId":"7cd6404a-9094-45cd-9054-0d9fb63bc77b","value":{"ELEMENT":"00000000-0000-037b-0000-003800000003","element-6066-11e4-a52e-4f735466cecf":"00000000-0000-037b-0000-003800000003"}}
[38;5;206m[f95a4cff][0m[38;5;-74m[AndroidUiautomator2Driver@8098][0m Responding to client with driver.findElement() result: {"element-6066-11e4-a52e-4f735466cecf":"00000000-0000-037b-0000-003800000003","ELEMENT":"00000000-0000-037b-0000-003800000003"}
[38;5;206m[f95a4cff][0m[38;5;86m[HTTP][0m [37m<-- POST /session/f95a4cff-9a1c-462f-ac92-6bba735e95a1/element [39m[32m200[39m [90m278 ms - 137[39m [90m[39m
[38;5;206m[f95a4cff][0m[38;5;86m[HTTP][0m [37m-->[39m [37mPOST[39m [37m/session/f95a4cff-9a1c-462f-ac92-6bba735e95a1/element/00000000-0000-037b-0000-003800000003/click[39m [90m{}[39m
[38;5;206m[f95a4cff][0m[38;5;-74m[AndroidUiautomator2Driver@8098][0m Calling AppiumDriver.click() with args: ["00000000-0000-037b-0000-003800000003","f95a4cff-9a1c-462f-ac92-6bba735e95a1"]
[38;5;206m[f95a4cff][0m[38;5;-74m[AndroidUiautomator2Driver@8098][0m Matched '/element/00000000-0000-037b-0000-003800000003/click' to command name 'click'
[38;5;206m[f95a4cff][0m[38;5;-74m[AndroidUiautomator2Driver@8098][0m Proxying [POST /element/00000000-0000-037b-0000-003800000003/click] to [POST http://127.0.0.1:8200/session/7cd6404a-9094-45cd-9054-0d9fb63bc77b/element/00000000-0000-037b-0000-003800000003/click] with body: {"element":"00000000-0000-037b-0000-003800000003"}
[38;5;206m[f95a4cff][0m[38;5;-74m[AndroidUiautomator2Driver@8098][0m Got response with status 200: {"sessionId":"7cd6404a-9094-45cd-9054-0d9fb63bc77b","value":null}
[38;5;206m[f95a4cff][0m[38;5;-74m[AndroidUiautomator2Driver@8098][0m Responding to client with driver.click() result: null
[38;5;206m[f95a4cff][0m[38;5;86m[HTTP][0m [37m<-- POST /session/f95a4cff-9a1c-462f-ac92-6bba735e95a1/element/00000000-0000-037b-0000-003800000003/click [39m[32m200[39m [90m91 ms - 14[39m [90m[39m
[38;5;206m[f95a4cff][0m[38;5;86m[HTTP][0m [37m-->[39m [37mDELETE[39m [37m/session/f95a4cff-9a1c-462f-ac92-6bba735e95a1[39m [90m{}[39m
[38;5;206m[f95a4cff][0m[38;5;-74m[AndroidUiautomator2Driver@8098][0m Calling AppiumDriver.deleteSession() with args: ["f95a4cff-9a1c-462f-ac92-6bba735e95a1"]
[38;5;206m[f95a4cff][0m[38;5;150m[AppiumDriver@a9a5][0m Event 'quitSessionRequested' logged at 1718353555588 (13:55:55 GMT+0530 (India Standard Time))
[38;5;206m[f95a4cff][0m[38;5;150m[AppiumDriver@a9a5][0m Removing session f95a4cff-9a1c-462f-ac92-6bba735e95a1 from our master session list
[38;5;206m[f95a4cff][0m[38;5;-74m[AndroidUiautomator2Driver@8098][0m Deleting UiAutomator2 session
[38;5;206m[f95a4cff][0m[38;5;-74m[AndroidUiautomator2Driver@8098][0m Deleting UiAutomator2 server session
[38;5;206m[f95a4cff][0m[38;5;-74m[AndroidUiautomator2Driver@8098][0m Matched '/' to command name 'deleteSession'
[38;5;206m[f95a4cff][0m[38;5;-74m[AndroidUiautomator2Driver@8098][0m Proxying [DELETE /] to [DELETE http://127.0.0.1:8200/session/7cd6404a-9094-45cd-9054-0d9fb63bc77b] with no body
[38;5;206m[f95a4cff][0m[38;5;-74m[AndroidUiautomator2Driver@8098][0m Got response with status 200: {"sessionId":"7cd6404a-9094-45cd-9054-0d9fb63bc77b","value":null}
[38;5;206m[f95a4cff][0m[38;5;229m[ADB][0m Running 'C:\Users\User\AppData\Local\Android\Sdk\platform-tools\adb.exe -P 5037 -s RZ8T50ZVKPE shell dumpsys activity services io.appium.settings/.recorder.RecorderService'
[38;5;206m[f95a4cff][0m[38;5;229m[ADB][0m Running 'C:\Users\User\AppData\Local\Android\Sdk\platform-tools\adb.exe -P 5037 -s RZ8T50ZVKPE shell am force-stop com.example.payment_gateway'
[38;5;206m[f95a4cff][0m[38;5;160m[Logcat][0m Stopping logcat capture
[38;5;206m[f95a4cff][0m[38;5;229m[ADB][0m Removing forwarded port socket connection: 8200 
[38;5;206m[f95a4cff][0m[38;5;229m[ADB][0m Running 'C:\Users\User\AppData\Local\Android\Sdk\platform-tools\adb.exe -P 5037 -s RZ8T50ZVKPE forward --remove tcp:8200'
[38;5;206m[f95a4cff][0m[38;5;-74m[AndroidUiautomator2Driver@8098][0m Restoring hidden api policy to the device default configuration
[38;5;206m[f95a4cff][0m[38;5;229m[ADB][0m Running 'C:\Users\User\AppData\Local\Android\Sdk\platform-tools\adb.exe -P 5037 -s RZ8T50ZVKPE shell 'settings delete global hidden_api_policy_pre_p_apps;settings delete global hidden_api_policy_p_apps;settings delete global hidden_api_policy''
[38;5;206m[f95a4cff][0m[38;5;150m[AppiumDriver@a9a5][0m Event 'quitSessionFinished' logged at 1718353556111 (13:55:56 GMT+0530 (India Standard Time))
[38;5;206m[f95a4cff][0m[38;5;150m[AppiumDriver@a9a5][0m Received response: null
[38;5;206m[f95a4cff][0m[38;5;150m[AppiumDriver@a9a5][0m But deleting session, so not returning
[38;5;206m[f95a4cff][0m[38;5;150m[AppiumDriver@a9a5][0m Responding to client with driver.deleteSession() result: null
[38;5;206m[f95a4cff][0m[38;5;86m[HTTP][0m [37m<-- DELETE /session/f95a4cff-9a1c-462f-ac92-6bba735e95a1 [39m[32m200[39m [90m526 ms - 14[39m [90m[39m
[38;5;74m[Instrumentation][0m .
[38;5;74m[Instrumentation][0m Time: 25.086

OK (1 test)
[38;5;74m[Instrumentation][0m The process has exited with code 0
